  [4;36;1mSQL (0.2ms)[0m   [0;1m SELECT name
 FROM sqlite_master
 WHERE type = 'table' AND NOT name = 'sqlite_sequence'
[0m
  [4;35;1mSQL (0.1ms)[0m   [0mselect sqlite_version(*)[0m
  [4;36;1mSQL (83.7ms)[0m   [0;1mCREATE TABLE "schema_migrations" ("version" varchar(255) NOT NULL) [0m
  [4;35;1mSQL (0.1ms)[0m   [0mPRAGMA index_list("schema_migrations")[0m
  [4;36;1mSQL (103.6ms)[0m   [0;1mCREATE UNIQUE INDEX "unique_schema_migrations" ON "schema_migrations" ("version")[0m
  [4;35;1mSQL (0.2ms)[0m   [0m SELECT name
 FROM sqlite_master
 WHERE type = 'table' AND NOT name = 'sqlite_sequence'
[0m
  [4;36;1mSQL (0.1ms)[0m   [0;1mSELECT version FROM schema_migrations[0m
Migrating to CreateAssets (20110225115143)
  [4;35;1mSQL (0.3ms)[0m   [0mCREATE TABLE "assets" ("id" INTEGER PRIMARY KEY AUTOINCREMENT NOT NULL, "title" varchar(255), "location" text, "description" text, "created_at" datetime, "updated_at" datetime) [0m
  [4;36;1mSQL (0.1ms)[0m   [0;1mINSERT INTO schema_migrations (version) VALUES ('20110225115143')[0m
  [4;35;1mSQL (0.2ms)[0m   [0m SELECT name
 FROM sqlite_master
 WHERE type = 'table' AND NOT name = 'sqlite_sequence'
[0m
  [4;36;1mSQL (0.1ms)[0m   [0;1mSELECT version FROM schema_migrations[0m
  [4;35;1mSQL (0.2ms)[0m   [0m SELECT name
 FROM sqlite_master
 WHERE type = 'table' AND NOT name = 'sqlite_sequence'
[0m
  [4;36;1mSQL (0.0ms)[0m   [0;1mPRAGMA index_list("assets")[0m


Processing SessionsController#new (for 127.0.0.1 at 2011-02-25 12:20:17) [GET]
  Parameters: {"action"=>"new", "controller"=>"sessions"}
Rendering template within layouts/application
Rendering sessions/new
Completed in 11ms (View: 10, DB: 0) | 200 OK [http://0.0.0.0/login]


Processing SessionsController#create (for 127.0.0.1 at 2011-02-25 12:20:19) [POST]
  Parameters: {"commit"=>"Log in", "action"=>"create", "authenticity_token"=>"YIhmkYy+bXWXF+CpLGQM/I2+ZcKcGfMRrFuOik9Xaeg=", "controller"=>"sessions", "login"=>"j.radcliffe@2008.ljmu.ac.uk", "password"=>"[FILTERED]"}

ActiveRecord::StatementInvalid (Could not find table 'users'):
  app/models/user.rb:19:in `authenticate'
  app/controllers/sessions_controller.rb:6:in `create'
  /usr/lib/ruby/1.8/webrick/httpserver.rb:104:in `service'
  /usr/lib/ruby/1.8/webrick/httpserver.rb:65:in `run'
  /usr/lib/ruby/1.8/webrick/server.rb:173:in `start_thread'
  /usr/lib/ruby/1.8/webrick/server.rb:162:in `start'
  /usr/lib/ruby/1.8/webrick/server.rb:162:in `start_thread'
  /usr/lib/ruby/1.8/webrick/server.rb:95:in `start'
  /usr/lib/ruby/1.8/webrick/server.rb:92:in `each'
  /usr/lib/ruby/1.8/webrick/server.rb:92:in `start'
  /usr/lib/ruby/1.8/webrick/server.rb:23:in `start'
  /usr/lib/ruby/1.8/webrick/server.rb:82:in `start'

Rendered rescues/_trace (21.4ms)
Rendered rescues/_request_and_response (0.8ms)
Rendering rescues/layout (internal_server_error)


Processing SessionsController#new (for 127.0.0.1 at 2011-02-25 12:40:09) [GET]
  Parameters: {"action"=>"new", "controller"=>"sessions"}
Rendering template within layouts/application
Rendering sessions/new
Completed in 16ms (View: 15, DB: 0) | 200 OK [http://0.0.0.0/login]


Processing SessionsController#create (for 127.0.0.1 at 2011-02-25 12:40:15) [POST]
  Parameters: {"commit"=>"Log in", "action"=>"create", "authenticity_token"=>"3+KX/8d6uON49iM4p91UDba/XUE4wxURRiM/vYc0qIA=", "controller"=>"sessions", "login"=>"j.radcliffe@2008.ljmu.ac.uk", "password"=>"[FILTERED]"}

ActiveRecord::StatementInvalid (Could not find table 'users'):
  app/models/user.rb:19:in `authenticate'
  app/controllers/sessions_controller.rb:6:in `create'
  /usr/lib/ruby/1.8/webrick/httpserver.rb:104:in `service'
  /usr/lib/ruby/1.8/webrick/httpserver.rb:65:in `run'
  /usr/lib/ruby/1.8/webrick/server.rb:173:in `start_thread'
  /usr/lib/ruby/1.8/webrick/server.rb:162:in `start'
  /usr/lib/ruby/1.8/webrick/server.rb:162:in `start_thread'
  /usr/lib/ruby/1.8/webrick/server.rb:95:in `start'
  /usr/lib/ruby/1.8/webrick/server.rb:92:in `each'
  /usr/lib/ruby/1.8/webrick/server.rb:92:in `start'
  /usr/lib/ruby/1.8/webrick/server.rb:23:in `start'
  /usr/lib/ruby/1.8/webrick/server.rb:82:in `start'

Rendered rescues/_trace (21.6ms)
Rendered rescues/_request_and_response (0.8ms)
Rendering rescues/layout (internal_server_error)


Processing UsersController#new (for 127.0.0.1 at 2011-02-25 12:40:31) [GET]
  Parameters: {"action"=>"new", "controller"=>"users"}

ActiveRecord::StatementInvalid (Could not find table 'users'):
  app/controllers/users_controller.rb:3:in `new'
  app/controllers/users_controller.rb:3:in `new'
  /usr/lib/ruby/1.8/webrick/httpserver.rb:104:in `service'
  /usr/lib/ruby/1.8/webrick/httpserver.rb:65:in `run'
  /usr/lib/ruby/1.8/webrick/server.rb:173:in `start_thread'
  /usr/lib/ruby/1.8/webrick/server.rb:162:in `start'
  /usr/lib/ruby/1.8/webrick/server.rb:162:in `start_thread'
  /usr/lib/ruby/1.8/webrick/server.rb:95:in `start'
  /usr/lib/ruby/1.8/webrick/server.rb:92:in `each'
  /usr/lib/ruby/1.8/webrick/server.rb:92:in `start'
  /usr/lib/ruby/1.8/webrick/server.rb:23:in `start'
  /usr/lib/ruby/1.8/webrick/server.rb:82:in `start'

Rendered rescues/_trace (19.5ms)
Rendered rescues/_request_and_response (0.1ms)
Rendering rescues/layout (internal_server_error)


Processing SessionsController#new (for 127.0.0.1 at 2011-02-25 12:59:09) [GET]
  Parameters: {"action"=>"new", "controller"=>"sessions"}
Rendering template within layouts/application
Rendering sessions/new
Completed in 10ms (View: 9, DB: 0) | 200 OK [http://0.0.0.0/login]


Processing UsersController#new (for 127.0.0.1 at 2011-02-25 12:59:11) [GET]
  Parameters: {"action"=>"new", "controller"=>"users"}

ActiveRecord::StatementInvalid (Could not find table 'users'):
  app/controllers/users_controller.rb:3:in `new'
  app/controllers/users_controller.rb:3:in `new'
  /usr/lib/ruby/1.8/webrick/httpserver.rb:104:in `service'
  /usr/lib/ruby/1.8/webrick/httpserver.rb:65:in `run'
  /usr/lib/ruby/1.8/webrick/server.rb:173:in `start_thread'
  /usr/lib/ruby/1.8/webrick/server.rb:162:in `start'
  /usr/lib/ruby/1.8/webrick/server.rb:162:in `start_thread'
  /usr/lib/ruby/1.8/webrick/server.rb:95:in `start'
  /usr/lib/ruby/1.8/webrick/server.rb:92:in `each'
  /usr/lib/ruby/1.8/webrick/server.rb:92:in `start'
  /usr/lib/ruby/1.8/webrick/server.rb:23:in `start'
  /usr/lib/ruby/1.8/webrick/server.rb:82:in `start'

Rendered rescues/_trace (19.9ms)
Rendered rescues/_request_and_response (0.7ms)
Rendering rescues/layout (internal_server_error)
  [4;36;1mSQL (0.3ms)[0m   [0;1m SELECT name
 FROM sqlite_master
 WHERE type = 'table' AND NOT name = 'sqlite_sequence'
[0m
  [4;35;1mSQL (0.1ms)[0m   [0mSELECT version FROM schema_migrations[0m
Migrating to CreateAssets (20110225115143)
Migrating to CreateUsers (20110225120028)
  [4;36;1mSQL (0.1ms)[0m   [0;1mselect sqlite_version(*)[0m
  [4;35;1mSQL (0.3ms)[0m   [0mCREATE TABLE "users" ("id" INTEGER PRIMARY KEY AUTOINCREMENT NOT NULL, "username" varchar(255), "email" varchar(255), "password_hash" varchar(255), "password_salt" varchar(255), "created_at" datetime, "updated_at" datetime) [0m
  [4;36;1mSQL (0.1ms)[0m   [0;1mINSERT INTO schema_migrations (version) VALUES ('20110225120028')[0m
Migrating to AddUserIdToAssets (20110225120212)
  [4;35;1mSQL (0.2ms)[0m   [0mALTER TABLE "assets" ADD "user_id" integer[0m
  [4;36;1mSQL (0.1ms)[0m   [0;1mINSERT INTO schema_migrations (version) VALUES ('20110225120212')[0m
  [4;35;1mSQL (0.2ms)[0m   [0m SELECT name
 FROM sqlite_master
 WHERE type = 'table' AND NOT name = 'sqlite_sequence'
[0m
  [4;36;1mSQL (0.2ms)[0m   [0;1mSELECT version FROM schema_migrations[0m
  [4;35;1mSQL (0.2ms)[0m   [0m SELECT name
 FROM sqlite_master
 WHERE type = 'table' AND NOT name = 'sqlite_sequence'
[0m
  [4;36;1mSQL (0.0ms)[0m   [0;1mPRAGMA index_list("assets")[0m
  [4;35;1mSQL (0.0ms)[0m   [0mPRAGMA index_list("users")[0m


Processing SessionsController#new (for 127.0.0.1 at 2011-02-25 13:10:18) [GET]
  Parameters: {"action"=>"new", "controller"=>"sessions"}
Rendering template within layouts/application
Rendering sessions/new
Completed in 9ms (View: 7, DB: 0) | 200 OK [http://0.0.0.0/login]


Processing SessionsController#create (for 127.0.0.1 at 2011-02-25 13:10:21) [POST]
  Parameters: {"commit"=>"Log in", "action"=>"create", "authenticity_token"=>"3+KX/8d6uON49iM4p91UDba/XUE4wxURRiM/vYc0qIA=", "controller"=>"sessions", "login"=>"j.radcliffe@2008.ljmu.ac.uk", "password"=>"[FILTERED]"}
  [4;36;1mSQL (0.3ms)[0m   [0;1m SELECT name
 FROM sqlite_master
 WHERE type = 'table' AND NOT name = 'sqlite_sequence'
[0m

NoMethodError (undefined method `authenticate' for #<Class:0xb62550c4>):
  app/controllers/sessions_controller.rb:6:in `create'
  /usr/lib/ruby/1.8/webrick/httpserver.rb:104:in `service'
  /usr/lib/ruby/1.8/webrick/httpserver.rb:65:in `run'
  /usr/lib/ruby/1.8/webrick/server.rb:173:in `start_thread'
  /usr/lib/ruby/1.8/webrick/server.rb:162:in `start'
  /usr/lib/ruby/1.8/webrick/server.rb:162:in `start_thread'
  /usr/lib/ruby/1.8/webrick/server.rb:95:in `start'
  /usr/lib/ruby/1.8/webrick/server.rb:92:in `each'
  /usr/lib/ruby/1.8/webrick/server.rb:92:in `start'
  /usr/lib/ruby/1.8/webrick/server.rb:23:in `start'
  /usr/lib/ruby/1.8/webrick/server.rb:82:in `start'

Rendered rescues/_trace (17.4ms)
Rendered rescues/_request_and_response (0.8ms)
Rendering rescues/layout (internal_server_error)


Processing UsersController#new (for 127.0.0.1 at 2011-02-25 13:10:26) [GET]
  Parameters: {"action"=>"new", "controller"=>"users"}
Rendering template within layouts/application
Rendering users/new

ActionView::TemplateError (undefined method `password' for #<User:0xb616e110>) on line #17 of app/views/users/new.html.erb:
14:   </p>
15:   <p>
16:     <%= f.label :password %><br />
17:     <%= f.password_field :password %>
18:   </p>
19:   <p>
20:     <%= f.label :password_confirmation, "Confirm Password" %><br />

    app/views/users/new.html.erb:17
    app/views/users/new.html.erb:5
    /usr/lib/ruby/1.8/webrick/httpserver.rb:104:in `service'
    /usr/lib/ruby/1.8/webrick/httpserver.rb:65:in `run'
    /usr/lib/ruby/1.8/webrick/server.rb:173:in `start_thread'
    /usr/lib/ruby/1.8/webrick/server.rb:162:in `start'
    /usr/lib/ruby/1.8/webrick/server.rb:162:in `start_thread'
    /usr/lib/ruby/1.8/webrick/server.rb:95:in `start'
    /usr/lib/ruby/1.8/webrick/server.rb:92:in `each'
    /usr/lib/ruby/1.8/webrick/server.rb:92:in `start'
    /usr/lib/ruby/1.8/webrick/server.rb:23:in `start'
    /usr/lib/ruby/1.8/webrick/server.rb:82:in `start'

Rendered rescues/_trace (47.8ms)
Rendered rescues/_request_and_response (0.2ms)
Rendering rescues/layout (internal_server_error)


Processing UsersController#new (for 127.0.0.1 at 2011-02-25 13:12:41) [GET]
  Parameters: {"action"=>"new", "controller"=>"users"}
Rendering template within layouts/application
Rendering users/new

ActionView::TemplateError (undefined method `Password' for #<User:0xb6245598>) on line #17 of app/views/users/new.html.erb:
14:   </p>
15:   <p>
16:     <%= f.label :password %><br />
17:     <%= f.password_field :Password %>
18:   </p>
19:   <p>
20:     <%= f.label :password_confirmation, "Confirm Password" %><br />

    app/views/users/new.html.erb:17
    app/views/users/new.html.erb:5
    /usr/lib/ruby/1.8/webrick/httpserver.rb:104:in `service'
    /usr/lib/ruby/1.8/webrick/httpserver.rb:65:in `run'
    /usr/lib/ruby/1.8/webrick/server.rb:173:in `start_thread'
    /usr/lib/ruby/1.8/webrick/server.rb:162:in `start'
    /usr/lib/ruby/1.8/webrick/server.rb:162:in `start_thread'
    /usr/lib/ruby/1.8/webrick/server.rb:95:in `start'
    /usr/lib/ruby/1.8/webrick/server.rb:92:in `each'
    /usr/lib/ruby/1.8/webrick/server.rb:92:in `start'
    /usr/lib/ruby/1.8/webrick/server.rb:23:in `start'
    /usr/lib/ruby/1.8/webrick/server.rb:82:in `start'

Rendered rescues/_trace (23.4ms)
Rendered rescues/_request_and_response (0.1ms)
Rendering rescues/layout (internal_server_error)


Processing UsersController#new (for 127.0.0.1 at 2011-02-25 13:12:42) [GET]
  Parameters: {"action"=>"new", "controller"=>"users"}
Rendering template within layouts/application
Rendering users/new

ActionView::TemplateError (undefined method `Password' for #<User:0xb63307c8>) on line #17 of app/views/users/new.html.erb:
14:   </p>
15:   <p>
16:     <%= f.label :password %><br />
17:     <%= f.password_field :Password %>
18:   </p>
19:   <p>
20:     <%= f.label :password_confirmation, "Confirm Password" %><br />

    app/views/users/new.html.erb:17
    app/views/users/new.html.erb:5
    /usr/lib/ruby/1.8/webrick/httpserver.rb:104:in `service'
    /usr/lib/ruby/1.8/webrick/httpserver.rb:65:in `run'
    /usr/lib/ruby/1.8/webrick/server.rb:173:in `start_thread'
    /usr/lib/ruby/1.8/webrick/server.rb:162:in `start'
    /usr/lib/ruby/1.8/webrick/server.rb:162:in `start_thread'
    /usr/lib/ruby/1.8/webrick/server.rb:95:in `start'
    /usr/lib/ruby/1.8/webrick/server.rb:92:in `each'
    /usr/lib/ruby/1.8/webrick/server.rb:92:in `start'
    /usr/lib/ruby/1.8/webrick/server.rb:23:in `start'
    /usr/lib/ruby/1.8/webrick/server.rb:82:in `start'

Rendered rescues/_trace (23.4ms)
Rendered rescues/_request_and_response (0.1ms)
Rendering rescues/layout (internal_server_error)


Processing UsersController#new (for 127.0.0.1 at 2011-02-25 13:12:43) [GET]
  Parameters: {"action"=>"new", "controller"=>"users"}
Rendering template within layouts/application
Rendering users/new

ActionView::TemplateError (undefined method `Password' for #<User:0xb61b5a60>) on line #17 of app/views/users/new.html.erb:
14:   </p>
15:   <p>
16:     <%= f.label :password %><br />
17:     <%= f.password_field :Password %>
18:   </p>
19:   <p>
20:     <%= f.label :password_confirmation, "Confirm Password" %><br />

    app/views/users/new.html.erb:17
    app/views/users/new.html.erb:5
    /usr/lib/ruby/1.8/webrick/httpserver.rb:104:in `service'
    /usr/lib/ruby/1.8/webrick/httpserver.rb:65:in `run'
    /usr/lib/ruby/1.8/webrick/server.rb:173:in `start_thread'
    /usr/lib/ruby/1.8/webrick/server.rb:162:in `start'
    /usr/lib/ruby/1.8/webrick/server.rb:162:in `start_thread'
    /usr/lib/ruby/1.8/webrick/server.rb:95:in `start'
    /usr/lib/ruby/1.8/webrick/server.rb:92:in `each'
    /usr/lib/ruby/1.8/webrick/server.rb:92:in `start'
    /usr/lib/ruby/1.8/webrick/server.rb:23:in `start'
    /usr/lib/ruby/1.8/webrick/server.rb:82:in `start'

Rendered rescues/_trace (49.7ms)
Rendered rescues/_request_and_response (0.2ms)
Rendering rescues/layout (internal_server_error)


Processing UsersController#new (for 127.0.0.1 at 2011-02-25 13:12:44) [GET]
  Parameters: {"action"=>"new", "controller"=>"users"}
Rendering template within layouts/application
Rendering users/new

ActionView::TemplateError (undefined method `Password' for #<User:0xb62dce20>) on line #17 of app/views/users/new.html.erb:
14:   </p>
15:   <p>
16:     <%= f.label :password %><br />
17:     <%= f.password_field :Password %>
18:   </p>
19:   <p>
20:     <%= f.label :password_confirmation, "Confirm Password" %><br />

    app/views/users/new.html.erb:17
    app/views/users/new.html.erb:5
    /usr/lib/ruby/1.8/webrick/httpserver.rb:104:in `service'
    /usr/lib/ruby/1.8/webrick/httpserver.rb:65:in `run'
    /usr/lib/ruby/1.8/webrick/server.rb:173:in `start_thread'
    /usr/lib/ruby/1.8/webrick/server.rb:162:in `start'
    /usr/lib/ruby/1.8/webrick/server.rb:162:in `start_thread'
    /usr/lib/ruby/1.8/webrick/server.rb:95:in `start'
    /usr/lib/ruby/1.8/webrick/server.rb:92:in `each'
    /usr/lib/ruby/1.8/webrick/server.rb:92:in `start'
    /usr/lib/ruby/1.8/webrick/server.rb:23:in `start'
    /usr/lib/ruby/1.8/webrick/server.rb:82:in `start'

Rendered rescues/_trace (23.4ms)
Rendered rescues/_request_and_response (0.1ms)
Rendering rescues/layout (internal_server_error)


Processing UsersController#new (for 127.0.0.1 at 2011-02-25 13:12:45) [GET]
  Parameters: {"action"=>"new", "controller"=>"users"}
Rendering template within layouts/application
Rendering users/new

ActionView::TemplateError (undefined method `Password' for #<User:0xb6161c94>) on line #17 of app/views/users/new.html.erb:
14:   </p>
15:   <p>
16:     <%= f.label :password %><br />
17:     <%= f.password_field :Password %>
18:   </p>
19:   <p>
20:     <%= f.label :password_confirmation, "Confirm Password" %><br />

    app/views/users/new.html.erb:17
    app/views/users/new.html.erb:5
    /usr/lib/ruby/1.8/webrick/httpserver.rb:104:in `service'
    /usr/lib/ruby/1.8/webrick/httpserver.rb:65:in `run'
    /usr/lib/ruby/1.8/webrick/server.rb:173:in `start_thread'
    /usr/lib/ruby/1.8/webrick/server.rb:162:in `start'
    /usr/lib/ruby/1.8/webrick/server.rb:162:in `start_thread'
    /usr/lib/ruby/1.8/webrick/server.rb:95:in `start'
    /usr/lib/ruby/1.8/webrick/server.rb:92:in `each'
    /usr/lib/ruby/1.8/webrick/server.rb:92:in `start'
    /usr/lib/ruby/1.8/webrick/server.rb:23:in `start'
    /usr/lib/ruby/1.8/webrick/server.rb:82:in `start'

Rendered rescues/_trace (48.6ms)
Rendered rescues/_request_and_response (0.2ms)
Rendering rescues/layout (internal_server_error)


Processing UsersController#new (for 127.0.0.1 at 2011-02-25 13:12:53) [GET]
  Parameters: {"action"=>"new", "controller"=>"users"}
Rendering template within layouts/application
Rendering users/new

ActionView::TemplateError (undefined method `password' for #<User:0xb6272ed0>) on line #17 of app/views/users/new.html.erb:
14:   </p>
15:   <p>
16:     <%= f.label :password %><br />
17:     <%= f.password_field :password %>
18:   </p>
19:   <p>
20:     <%= f.label :password_confirmation, "Confirm Password" %><br />

    app/views/users/new.html.erb:17
    app/views/users/new.html.erb:5
    /usr/lib/ruby/1.8/webrick/httpserver.rb:104:in `service'
    /usr/lib/ruby/1.8/webrick/httpserver.rb:65:in `run'
    /usr/lib/ruby/1.8/webrick/server.rb:173:in `start_thread'
    /usr/lib/ruby/1.8/webrick/server.rb:162:in `start'
    /usr/lib/ruby/1.8/webrick/server.rb:162:in `start_thread'
    /usr/lib/ruby/1.8/webrick/server.rb:95:in `start'
    /usr/lib/ruby/1.8/webrick/server.rb:92:in `each'
    /usr/lib/ruby/1.8/webrick/server.rb:92:in `start'
    /usr/lib/ruby/1.8/webrick/server.rb:23:in `start'
    /usr/lib/ruby/1.8/webrick/server.rb:82:in `start'

Rendered rescues/_trace (23.2ms)
Rendered rescues/_request_and_response (0.2ms)
Rendering rescues/layout (internal_server_error)


Processing SessionsController#new (for 127.0.0.1 at 2011-02-25 13:16:48) [GET]
  Parameters: {"action"=>"new", "controller"=>"sessions"}
Rendering template within layouts/application
Rendering sessions/new
Completed in 10ms (View: 9, DB: 0) | 200 OK [http://0.0.0.0/login]


Processing UsersController#new (for 127.0.0.1 at 2011-02-25 13:16:50) [GET]
  Parameters: {"action"=>"new", "controller"=>"users"}
Rendering template within layouts/application
Rendering users/new

ActionView::TemplateError (undefined method `password' for #<User:0xb6134d0c>) on line #17 of app/views/users/new.html.erb:
14:   </p>
15:   <p>
16:     <%= f.label :password %><br />
17:     <%= f.password_field :password %>
18:   </p>
19:   <p>
20:     <%= f.label :password_confirmation, "Confirm Password" %><br />

    app/views/users/new.html.erb:17
    app/views/users/new.html.erb:5
    /usr/lib/ruby/1.8/webrick/httpserver.rb:104:in `service'
    /usr/lib/ruby/1.8/webrick/httpserver.rb:65:in `run'
    /usr/lib/ruby/1.8/webrick/server.rb:173:in `start_thread'
    /usr/lib/ruby/1.8/webrick/server.rb:162:in `start'
    /usr/lib/ruby/1.8/webrick/server.rb:162:in `start_thread'
    /usr/lib/ruby/1.8/webrick/server.rb:95:in `start'
    /usr/lib/ruby/1.8/webrick/server.rb:92:in `each'
    /usr/lib/ruby/1.8/webrick/server.rb:92:in `start'
    /usr/lib/ruby/1.8/webrick/server.rb:23:in `start'
    /usr/lib/ruby/1.8/webrick/server.rb:82:in `start'

Rendered rescues/_trace (24.6ms)
Rendered rescues/_request_and_response (0.7ms)
Rendering rescues/layout (internal_server_error)


Processing UsersController#new (for 127.0.0.1 at 2011-02-25 13:19:25) [GET]
  Parameters: {"action"=>"new", "controller"=>"users"}
Rendering template within layouts/application
Rendering users/new

ActionView::TemplateError (undefined method `password' for #<User:0xb62020e0>) on line #17 of app/views/users/new.html.erb:
14:   </p>
15:   <p>
16:     <%= f.label :password %><br />
17:     <%= f.password_field :password %>
18:   </p>
19:   <p>
20:     <%= f.label :password_confirmation, "Confirm Password" %><br />

    app/views/users/new.html.erb:17
    app/views/users/new.html.erb:5
    /usr/lib/ruby/1.8/webrick/httpserver.rb:104:in `service'
    /usr/lib/ruby/1.8/webrick/httpserver.rb:65:in `run'
    /usr/lib/ruby/1.8/webrick/server.rb:173:in `start_thread'
    /usr/lib/ruby/1.8/webrick/server.rb:162:in `start'
    /usr/lib/ruby/1.8/webrick/server.rb:162:in `start_thread'
    /usr/lib/ruby/1.8/webrick/server.rb:95:in `start'
    /usr/lib/ruby/1.8/webrick/server.rb:92:in `each'
    /usr/lib/ruby/1.8/webrick/server.rb:92:in `start'
    /usr/lib/ruby/1.8/webrick/server.rb:23:in `start'
    /usr/lib/ruby/1.8/webrick/server.rb:82:in `start'

Rendered rescues/_trace (23.9ms)
Rendered rescues/_request_and_response (0.1ms)
Rendering rescues/layout (internal_server_error)


Processing SessionsController#new (for 127.0.0.1 at 2011-02-25 13:19:29) [GET]
  Parameters: {"action"=>"new", "controller"=>"sessions"}
Rendering template within layouts/application
Rendering sessions/new
Completed in 3ms (View: 2, DB: 0) | 200 OK [http://0.0.0.0/login]


Processing SessionsController#new (for 127.0.0.1 at 2011-02-25 13:19:30) [GET]
  Parameters: {"action"=>"new", "controller"=>"sessions"}
Rendering template within layouts/application
Rendering sessions/new
Completed in 3ms (View: 2, DB: 0) | 200 OK [http://0.0.0.0/login]


Processing SessionsController#create (for 127.0.0.1 at 2011-02-25 13:19:31) [POST]
  Parameters: {"commit"=>"Log in", "action"=>"create", "authenticity_token"=>"3+KX/8d6uON49iM4p91UDba/XUE4wxURRiM/vYc0qIA=", "controller"=>"sessions", "login"=>"j.radcliffe@2008.ljmu.ac.uk", "password"=>"[FILTERED]"}
  [4;36;1mSQL (0.3ms)[0m   [0;1m SELECT name
 FROM sqlite_master
 WHERE type = 'table' AND NOT name = 'sqlite_sequence'
[0m

NoMethodError (undefined method `authenticate' for #<Class:0xb5fff478>):
  app/controllers/sessions_controller.rb:6:in `create'
  /usr/lib/ruby/1.8/webrick/httpserver.rb:104:in `service'
  /usr/lib/ruby/1.8/webrick/httpserver.rb:65:in `run'
  /usr/lib/ruby/1.8/webrick/server.rb:173:in `start_thread'
  /usr/lib/ruby/1.8/webrick/server.rb:162:in `start'
  /usr/lib/ruby/1.8/webrick/server.rb:162:in `start_thread'
  /usr/lib/ruby/1.8/webrick/server.rb:95:in `start'
  /usr/lib/ruby/1.8/webrick/server.rb:92:in `each'
  /usr/lib/ruby/1.8/webrick/server.rb:92:in `start'
  /usr/lib/ruby/1.8/webrick/server.rb:23:in `start'
  /usr/lib/ruby/1.8/webrick/server.rb:82:in `start'

Rendered rescues/_trace (41.2ms)
Rendered rescues/_request_and_response (0.2ms)
Rendering rescues/layout (internal_server_error)


Processing UsersController#new (for 127.0.0.1 at 2011-02-25 13:19:53) [GET]
  Parameters: {"action"=>"new", "controller"=>"users"}
Rendering template within layouts/application
Rendering users/new

ActionView::TemplateError (undefined method `password' for #<User:0xb6184ff0>) on line #17 of app/views/users/new.html.erb:
14:   </p>
15:   <p>
16:     <%= f.label :password %><br />
17:     <%= f.password_field :password %>
18:   </p>
19:   <p>
20:     <%= f.label :password_confirmation, "Confirm Password" %><br />

    app/views/users/new.html.erb:17
    app/views/users/new.html.erb:5
    /usr/lib/ruby/1.8/webrick/httpserver.rb:104:in `service'
    /usr/lib/ruby/1.8/webrick/httpserver.rb:65:in `run'
    /usr/lib/ruby/1.8/webrick/server.rb:173:in `start_thread'
    /usr/lib/ruby/1.8/webrick/server.rb:162:in `start'
    /usr/lib/ruby/1.8/webrick/server.rb:162:in `start_thread'
    /usr/lib/ruby/1.8/webrick/server.rb:95:in `start'
    /usr/lib/ruby/1.8/webrick/server.rb:92:in `each'
    /usr/lib/ruby/1.8/webrick/server.rb:92:in `start'
    /usr/lib/ruby/1.8/webrick/server.rb:23:in `start'
    /usr/lib/ruby/1.8/webrick/server.rb:82:in `start'

Rendered rescues/_trace (23.3ms)
Rendered rescues/_request_and_response (0.2ms)
Rendering rescues/layout (internal_server_error)


Processing UsersController#new (for 127.0.0.1 at 2011-02-25 13:19:56) [GET]
  Parameters: {"action"=>"new", "controller"=>"users"}
Rendering template within layouts/application
Rendering users/new

ActionView::TemplateError (undefined method `password' for #<User:0xb60188c4>) on line #17 of app/views/users/new.html.erb:
14:   </p>
15:   <p>
16:     <%= f.label :password %><br />
17:     <%= f.password_field :password %>
18:   </p>
19:   <p>
20:     <%= f.label :password_confirmation, "Confirm Password" %><br />

    app/views/users/new.html.erb:17
    app/views/users/new.html.erb:5
    /usr/lib/ruby/1.8/webrick/httpserver.rb:104:in `service'
    /usr/lib/ruby/1.8/webrick/httpserver.rb:65:in `run'
    /usr/lib/ruby/1.8/webrick/server.rb:173:in `start_thread'
    /usr/lib/ruby/1.8/webrick/server.rb:162:in `start'
    /usr/lib/ruby/1.8/webrick/server.rb:162:in `start_thread'
    /usr/lib/ruby/1.8/webrick/server.rb:95:in `start'
    /usr/lib/ruby/1.8/webrick/server.rb:92:in `each'
    /usr/lib/ruby/1.8/webrick/server.rb:92:in `start'
    /usr/lib/ruby/1.8/webrick/server.rb:23:in `start'
    /usr/lib/ruby/1.8/webrick/server.rb:82:in `start'

Rendered rescues/_trace (51.0ms)
Rendered rescues/_request_and_response (0.2ms)
Rendering rescues/layout (internal_server_error)


Processing SessionsController#new (for 127.0.0.1 at 2011-02-25 13:23:54) [GET]
  Parameters: {"action"=>"new", "controller"=>"sessions"}
Rendering template within layouts/application
Rendering sessions/new
Completed in 9ms (View: 8, DB: 0) | 200 OK [http://0.0.0.0/login]


Processing UsersController#new (for 127.0.0.1 at 2011-02-25 13:23:55) [GET]
  Parameters: {"action"=>"new", "controller"=>"users"}
Rendering template within layouts/application
Rendering users/new

ActionView::TemplateError (undefined method `password' for #<User:0xb60835d4>) on line #17 of app/views/users/new.html.erb:
14:   </p>
15:   <p>
16:     <%= f.label :password %><br />
17:     <%= f.password_field :password %>
18:   </p>
19:   <p>
20:     <%= f.label :password_confirmation, "Confirm Password" %><br />

    app/views/users/new.html.erb:17
    app/views/users/new.html.erb:5
    /usr/lib/ruby/1.8/webrick/httpserver.rb:104:in `service'
    /usr/lib/ruby/1.8/webrick/httpserver.rb:65:in `run'
    /usr/lib/ruby/1.8/webrick/server.rb:173:in `start_thread'
    /usr/lib/ruby/1.8/webrick/server.rb:162:in `start'
    /usr/lib/ruby/1.8/webrick/server.rb:162:in `start_thread'
    /usr/lib/ruby/1.8/webrick/server.rb:95:in `start'
    /usr/lib/ruby/1.8/webrick/server.rb:92:in `each'
    /usr/lib/ruby/1.8/webrick/server.rb:92:in `start'
    /usr/lib/ruby/1.8/webrick/server.rb:23:in `start'
    /usr/lib/ruby/1.8/webrick/server.rb:82:in `start'

Rendered rescues/_trace (25.1ms)
Rendered rescues/_request_and_response (0.7ms)
Rendering rescues/layout (internal_server_error)


Processing SessionsController#new (for 127.0.0.1 at 2011-02-28 10:05:02) [GET]
  Parameters: {"action"=>"new", "controller"=>"sessions"}
Rendering template within layouts/application
Rendering sessions/new
Completed in 180ms (View: 163, DB: 0) | 200 OK [http://0.0.0.0/login]


Processing UsersController#new (for 127.0.0.1 at 2011-02-28 10:05:04) [GET]
  Parameters: {"action"=>"new", "controller"=>"users"}
Rendering template within layouts/application
Rendering users/new

ActionView::TemplateError (undefined method `password' for #<User:0xb5fa061c>) on line #17 of app/views/users/new.html.erb:
14:   </p>
15:   <p>
16:     <%= f.label :password %><br />
17:     <%= f.password_field :password %>
18:   </p>
19:   <p>
20:     <%= f.label :password_confirmation, "Confirm Password" %><br />

    app/views/users/new.html.erb:17
    app/views/users/new.html.erb:5

Rendered rescues/_trace (70.3ms)
Rendered rescues/_request_and_response (1.4ms)
Rendering rescues/layout (internal_server_error)


Processing ApplicationController#index (for 127.0.0.1 at 2011-02-28 10:05:30) [GET]

ActionController::RoutingError (No route matches "/edit" with {:method=>:get}):
  

Rendering rescues/layout (not_found)


Processing SessionsController#create (for 127.0.0.1 at 2011-02-28 10:05:39) [POST]
  Parameters: {"commit"=>"Log in", "action"=>"create", "authenticity_token"=>"GH88rRT93oa9TZzDIx4h+6zWTcSwwtuByLIDN1L7OIM=", "controller"=>"sessions", "login"=>"", "password"=>"[FILTERED]"}
  [4;36;1mSQL (2.7ms)[0m   [0;1m SELECT name
 FROM sqlite_master
 WHERE type = 'table' AND NOT name = 'sqlite_sequence'
[0m

NoMethodError (undefined method `authenticate' for #<Class:0xb5de492c>):
  app/controllers/sessions_controller.rb:6:in `create'

Rendered rescues/_trace (132.2ms)
Rendered rescues/_request_and_response (0.4ms)
Rendering rescues/layout (internal_server_error)


Processing UsersController#new (for 127.0.0.1 at 2011-02-28 10:08:02) [GET]
  Parameters: {"action"=>"new", "controller"=>"users"}
Rendering template within layouts/application
Rendering users/new

ActionView::TemplateError (undefined method `password' for #<User:0xb5f4e13c>) on line #17 of app/views/users/new.html.erb:
14:   </p>
15:   <p>
16:     <%= f.label :password %><br />
17:     <%= f.password_field :password %>
18:   </p>
19:   <p>
20:     <%= f.label :password_confirmation, "Confirm Password" %><br />

    app/views/users/new.html.erb:17
    app/views/users/new.html.erb:5

Rendered rescues/_trace (79.6ms)
Rendered rescues/_request_and_response (2.4ms)
Rendering rescues/layout (internal_server_error)


Processing SessionsController#new (for 127.0.0.1 at 2011-02-28 10:09:55) [GET]
  Parameters: {"action"=>"new", "controller"=>"sessions"}
Rendering template within layouts/application
Rendering sessions/new
Completed in 29ms (View: 16, DB: 0) | 200 OK [http://0.0.0.0/login]


Processing SessionsController#new (for 127.0.0.1 at 2011-02-28 10:09:56) [GET]
  Parameters: {"action"=>"new", "controller"=>"sessions"}
Rendering template within layouts/application
Rendering sessions/new
Completed in 31ms (View: 27, DB: 0) | 200 OK [http://0.0.0.0/login]


Processing SessionsController#new (for 127.0.0.1 at 2011-02-28 10:09:58) [GET]
  Parameters: {"action"=>"new", "controller"=>"sessions"}
Rendering template within layouts/application
Rendering sessions/new
Completed in 21ms (View: 18, DB: 0) | 200 OK [http://0.0.0.0/login]


Processing UsersController#new (for 127.0.0.1 at 2011-02-28 10:09:59) [GET]
  Parameters: {"action"=>"new", "controller"=>"users"}
Rendering template within layouts/application
Rendering users/new

ActionView::TemplateError (undefined method `password' for #<User:0xb5f69f40>) on line #17 of app/views/users/new.html.erb:
14:   </p>
15:   <p>
16:     <%= f.label :password %><br />
17:     <%= f.password_field :password %>
18:   </p>
19:   <p>
20:     <%= f.label :password_confirmation, "Confirm Password" %><br />

    app/views/users/new.html.erb:17
    app/views/users/new.html.erb:5

Rendered rescues/_trace (101.4ms)
Rendered rescues/_request_and_response (0.3ms)
Rendering rescues/layout (internal_server_error)


Processing SessionsController#new (for 127.0.0.1 at 2011-02-28 10:12:14) [GET]
  Parameters: {"action"=>"new", "controller"=>"sessions"}
Rendering template within layouts/application
Rendering sessions/new
Completed in 39ms (View: 19, DB: 0) | 200 OK [http://0.0.0.0/login]


Processing UsersController#new (for 127.0.0.1 at 2011-02-28 10:12:16) [GET]
  Parameters: {"action"=>"new", "controller"=>"users"}

NoMethodError (undefined method `authenticate_user!' for #<UsersController:0xb5db4d08>):
  

Rendered rescues/_trace (171.0ms)
Rendered rescues/_request_and_response (0.3ms)
Rendering rescues/layout (internal_server_error)


Processing UsersController#new (for 127.0.0.1 at 2011-02-28 10:13:33) [GET]
  Parameters: {"action"=>"new", "controller"=>"users"}

NoMethodError (undefined method `authenticate_user!' for #<UsersController:0xb5f305c4>):
  

Rendered rescues/_trace (99.8ms)
Rendered rescues/_request_and_response (0.4ms)
Rendering rescues/layout (internal_server_error)


Processing SessionsController#new (for 127.0.0.1 at 2011-02-28 10:20:32) [GET]
  Parameters: {"action"=>"new", "controller"=>"sessions"}
Rendering template within layouts/application
Rendering sessions/new
Completed in 92ms (View: 89, DB: 0) | 200 OK [http://0.0.0.0/login]


Processing UsersController#new (for 127.0.0.1 at 2011-02-28 10:20:35) [GET]
  Parameters: {"action"=>"new", "controller"=>"users"}
Rendering template within layouts/application
Rendering users/new
Completed in 26ms (View: 17, DB: 0) | 200 OK [http://0.0.0.0/signup]


Processing SessionsController#new (for 127.0.0.1 at 2011-02-28 10:20:40) [GET]
  Parameters: {"action"=>"new", "controller"=>"sessions"}
Rendering template within layouts/application
Rendering sessions/new
Completed in 30ms (View: 15, DB: 0) | 200 OK [http://0.0.0.0/login]


Processing SessionsController#create (for 127.0.0.1 at 2011-02-28 10:20:48) [POST]
  Parameters: {"commit"=>"Log in", "action"=>"create", "authenticity_token"=>"GH88rRT93oa9TZzDIx4h+6zWTcSwwtuByLIDN1L7OIM=", "controller"=>"sessions", "login"=>"jackr99", "password"=>"[FILTERED]"}
  [4;36;1mUser Load (27.8ms)[0m   [0;1mSELECT * FROM "users" WHERE ("users"."username" = 'jackr99') LIMIT 1[0m
  [4;35;1mUser Load (0.4ms)[0m   [0mSELECT * FROM "users" WHERE ("users"."email" = 'jackr99') LIMIT 1[0m
Rendering template within layouts/application
Rendering sessions/new
Completed in 147ms (View: 13, DB: 28) | 200 OK [http://0.0.0.0/sessions]


Processing UsersController#new (for 127.0.0.1 at 2011-02-28 10:20:51) [GET]
  Parameters: {"action"=>"new", "controller"=>"users"}
Rendering template within layouts/application
Rendering users/new
Completed in 52ms (View: 11, DB: 0) | 200 OK [http://0.0.0.0/signup]


Processing UsersController#create (for 127.0.0.1 at 2011-02-28 10:21:15) [POST]
  Parameters: {"commit"=>"Sign up", "action"=>"create", "authenticity_token"=>"GH88rRT93oa9TZzDIx4h+6zWTcSwwtuByLIDN1L7OIM=", "controller"=>"users", "user"=>{"password_confirmation"=>"[FILTERED]", "username"=>"liams", "password"=>"[FILTERED]", "email"=>"liams@hotmail.co.uk"}}
  [4;36;1mUser Load (0.2ms)[0m   [0;1mSELECT "users".id FROM "users" WHERE ("users"."username" = 'liams') LIMIT 1[0m
  [4;35;1mUser Load (0.1ms)[0m   [0mSELECT "users".id FROM "users" WHERE ("users"."email" = 'liams@hotmail.co.uk') LIMIT 1[0m
  [4;36;1mUser Create (25.9ms)[0m   [0;1mINSERT INTO "users" ("created_at", "updated_at", "username", "password_salt", "password_hash", "email") VALUES('2011-02-28 10:21:15', '2011-02-28 10:21:15', 'liams', 'acbaaa83f88135dbf0c4f17e2078ffb2afacf0ab', 'dfb16fefaa55ad26cd2fdaa1d555527ef1962855', 'liams@hotmail.co.uk')[0m
Redirected to http://0.0.0.0:3000/
Completed in 146ms (DB: 26) | 302 Found [http://0.0.0.0/users]
  [4;36;1mSQL (0.6ms)[0m   [0;1m SELECT name
 FROM sqlite_master
 WHERE type = 'table' AND NOT name = 'sqlite_sequence'
[0m
  [4;35;1mSQL (0.3ms)[0m   [0mSELECT version FROM schema_migrations[0m
Migrating to CreateAssets (20110225115143)
Migrating to CreateUsers (20110225120028)
Migrating to AddUserIdToAssets (20110225120212)
  [4;36;1mSQL (11.8ms)[0m   [0;1mselect sqlite_version(*)[0m
  [4;35;1mSQL (0.3ms)[0m   [0m SELECT name
 FROM sqlite_master
 WHERE type = 'table' AND NOT name = 'sqlite_sequence'
[0m
  [4;36;1mSQL (0.2ms)[0m   [0;1mSELECT version FROM schema_migrations[0m
  [4;35;1mSQL (0.3ms)[0m   [0m SELECT name
 FROM sqlite_master
 WHERE type = 'table' AND NOT name = 'sqlite_sequence'
[0m
  [4;36;1mSQL (4.2ms)[0m   [0;1mPRAGMA index_list("assets")[0m
  [4;35;1mSQL (0.1ms)[0m   [0mPRAGMA index_list("users")[0m


Processing UsersController#create (for 127.0.0.1 at 2011-02-28 10:22:21) [POST]
  Parameters: {"commit"=>"Sign up", "action"=>"create", "authenticity_token"=>"GH88rRT93oa9TZzDIx4h+6zWTcSwwtuByLIDN1L7OIM=", "controller"=>"users", "user"=>{"password_confirmation"=>"[FILTERED]", "username"=>"liams", "password"=>"[FILTERED]", "email"=>"liams@hotmail.co.uk"}}
  [4;36;1mUser Load (6.6ms)[0m   [0;1mSELECT "users".id FROM "users" WHERE ("users"."username" = 'liams') LIMIT 1[0m
  [4;35;1mUser Load (0.1ms)[0m   [0mSELECT "users".id FROM "users" WHERE ("users"."email" = 'liams@hotmail.co.uk') LIMIT 1[0m
Rendering template within layouts/application
Rendering users/new
  [4;36;1mUser Load (0.5ms)[0m   [0;1mSELECT * FROM "users" WHERE ("users"."id" = 1) [0m
Completed in 194ms (View: 134, DB: 7) | 200 OK [http://0.0.0.0/users]


Processing UsersController#create (for 127.0.0.1 at 2011-02-28 10:22:33) [POST]
  Parameters: {"commit"=>"Sign up", "action"=>"create", "authenticity_token"=>"GH88rRT93oa9TZzDIx4h+6zWTcSwwtuByLIDN1L7OIM=", "controller"=>"users", "user"=>{"password_confirmation"=>"[FILTERED]", "username"=>"liams", "password"=>"[FILTERED]", "email"=>"liams1234@hotmail.co.uk"}}
  [4;35;1mUser Load (0.2ms)[0m   [0mSELECT "users".id FROM "users" WHERE ("users"."username" = 'liams') LIMIT 1[0m
  [4;36;1mUser Load (0.2ms)[0m   [0;1mSELECT "users".id FROM "users" WHERE ("users"."email" = 'liams1234@hotmail.co.uk') LIMIT 1[0m
Rendering template within layouts/application
Rendering users/new
  [4;35;1mUser Load (0.4ms)[0m   [0mSELECT * FROM "users" WHERE ("users"."id" = 1) [0m
Completed in 102ms (View: 42, DB: 1) | 200 OK [http://0.0.0.0/users]


Processing UsersController#create (for 127.0.0.1 at 2011-02-28 10:22:38) [POST]
  Parameters: {"commit"=>"Sign up", "action"=>"create", "authenticity_token"=>"GH88rRT93oa9TZzDIx4h+6zWTcSwwtuByLIDN1L7OIM=", "controller"=>"users", "user"=>{"password_confirmation"=>"[FILTERED]", "username"=>"liams1", "password"=>"[FILTERED]", "email"=>"liams1234@hotmail.co.uk"}}
  [4;36;1mUser Load (0.2ms)[0m   [0;1mSELECT "users".id FROM "users" WHERE ("users"."username" = 'liams1') LIMIT 1[0m
  [4;35;1mUser Load (0.1ms)[0m   [0mSELECT "users".id FROM "users" WHERE ("users"."email" = 'liams1234@hotmail.co.uk') LIMIT 1[0m
  [4;36;1mUser Create (15.5ms)[0m   [0;1mINSERT INTO "users" ("created_at", "updated_at", "username", "password_salt", "password_hash", "email") VALUES('2011-02-28 10:22:38', '2011-02-28 10:22:38', 'liams1', '94a9dfd6b44b780f766e18f3fbcf9983dce769be', '481f7a53a0ee5f118866bdb3380418b44f481d89', 'liams1234@hotmail.co.uk')[0m
Redirected to http://0.0.0.0:3000/
Completed in 110ms (DB: 16) | 302 Found [http://0.0.0.0/users]


Processing UsersController#create (for 127.0.0.1 at 2011-02-28 10:22:47) [POST]
  Parameters: {"commit"=>"Sign up", "action"=>"create", "authenticity_token"=>"GH88rRT93oa9TZzDIx4h+6zWTcSwwtuByLIDN1L7OIM=", "controller"=>"users", "user"=>{"password_confirmation"=>"[FILTERED]", "username"=>"liams1", "password"=>"[FILTERED]", "email"=>"liams1234@hotmail.co.uk"}}
  [4;35;1mUser Load (0.2ms)[0m   [0mSELECT "users".id FROM "users" WHERE ("users"."username" = 'liams1') LIMIT 1[0m
  [4;36;1mUser Load (0.2ms)[0m   [0;1mSELECT "users".id FROM "users" WHERE ("users"."email" = 'liams1234@hotmail.co.uk') LIMIT 1[0m
Rendering template within layouts/application
Rendering users/new
  [4;35;1mUser Load (0.4ms)[0m   [0mSELECT * FROM "users" WHERE ("users"."id" = 2) [0m
Completed in 114ms (View: 64, DB: 1) | 200 OK [http://0.0.0.0/users]


Processing SessionsController#new (for 127.0.0.1 at 2011-02-28 10:23:00) [GET]
  Parameters: {"action"=>"new", "controller"=>"sessions"}
Rendering template within layouts/application
Rendering sessions/new
  [4;36;1mUser Load (2.4ms)[0m   [0;1mSELECT * FROM "users" WHERE ("users"."id" = 2) [0m
Completed in 51ms (View: 33, DB: 2) | 200 OK [http://0.0.0.0/login]


Processing SessionsController#create (for 127.0.0.1 at 2011-02-28 10:23:10) [POST]
  Parameters: {"commit"=>"Log in", "action"=>"create", "authenticity_token"=>"GH88rRT93oa9TZzDIx4h+6zWTcSwwtuByLIDN1L7OIM=", "controller"=>"sessions", "login"=>"liams1", "password"=>"[FILTERED]"}
  [4;35;1mUser Load (0.4ms)[0m   [0mSELECT * FROM "users" WHERE ("users"."username" = 'liams1') LIMIT 1[0m
Redirected to http://0.0.0.0:3000/
Completed in 63ms (DB: 0) | 302 Found [http://0.0.0.0/sessions]


Processing SessionsController#destroy (for 127.0.0.1 at 2011-02-28 10:23:32) [GET]
  Parameters: {"action"=>"destroy", "controller"=>"sessions"}
Redirected to http://0.0.0.0:3000/
Completed in 8ms (DB: 0) | 302 Found [http://0.0.0.0/logout]


Processing SessionsController#destroy (for 127.0.0.1 at 2011-02-28 10:23:37) [GET]
  Parameters: {"action"=>"destroy", "controller"=>"sessions"}
Redirected to http://0.0.0.0:3000/
Completed in 29ms (DB: 0) | 302 Found [http://0.0.0.0/logout]


Processing SessionsController#new (for 127.0.0.1 at 2011-02-28 10:24:31) [GET]
  Parameters: {"action"=>"new", "controller"=>"sessions"}
Rendering template within layouts/application
Rendering sessions/new
Completed in 30ms (View: 17, DB: 0) | 200 OK [http://0.0.0.0/login]


Processing SessionsController#create (for 127.0.0.1 at 2011-02-28 10:24:44) [POST]
  Parameters: {"commit"=>"Log in", "action"=>"create", "authenticity_token"=>"GH88rRT93oa9TZzDIx4h+6zWTcSwwtuByLIDN1L7OIM=", "controller"=>"sessions", "login"=>"liams1", "password"=>"[FILTERED]"}
  [4;36;1mUser Load (0.4ms)[0m   [0;1mSELECT * FROM "users" WHERE ("users"."username" = 'liams1') LIMIT 1[0m
Redirected to http://0.0.0.0:3000/
Completed in 56ms (DB: 0) | 302 Found [http://0.0.0.0/sessions]


Processing ApplicationController#index (for 127.0.0.1 at 2011-02-28 10:24:55) [GET]

ActionController::RoutingError (No route matches "/home" with {:method=>:get}):
  

Rendering rescues/layout (not_found)


Processing AssetsController#index (for 127.0.0.1 at 2011-02-28 10:24:58) [GET]
  Parameters: {"action"=>"index", "controller"=>"assets"}
  [4;35;1mUser Load (0.3ms)[0m   [0mSELECT * FROM "users" WHERE ("users"."id" = 2) [0m

SyntaxError (/home/jackr/Dropbox/assets/app/models/assets.rb:2: syntax error, unexpected tIDENTIFIER, expecting kEND
...longs_to :user attr_accessible :title, :purchaseN, :requisit...
                              ^
/home/jackr/Dropbox/assets/app/models/assets.rb:2: syntax error, unexpected ',', expecting tCOLON2 or '[' or '.'
...accessible :title, :purchaseN, :requisition, :orderD, :locat...
                              ^):
  app/controllers/assets_controller.rb:4:in `index'

Rendered rescues/_trace (42.6ms)
Rendered rescues/_request_and_response (1.3ms)
Rendering rescues/layout (internal_server_error)


Processing UsersController#new (for 127.0.0.1 at 2011-02-28 10:25:51) [GET]
  Parameters: {"action"=>"new", "controller"=>"users"}
Rendering template within layouts/application
Rendering users/new
  [4;36;1mUser Load (0.4ms)[0m   [0;1mSELECT * FROM "users" WHERE ("users"."id" = 2) [0m
Completed in 139ms (View: 13, DB: 0) | 200 OK [http://0.0.0.0/signup]


Processing SessionsController#destroy (for 127.0.0.1 at 2011-02-28 10:25:57) [GET]
  Parameters: {"action"=>"destroy", "controller"=>"sessions"}
Redirected to http://0.0.0.0:3000/
Completed in 4ms (DB: 0) | 302 Found [http://0.0.0.0/logout]


Processing SessionsController#destroy (for 127.0.0.1 at 2011-02-28 10:26:31) [GET]
  Parameters: {"action"=>"destroy", "controller"=>"sessions"}
Redirected to http://0.0.0.0:3000/
Completed in 13ms (DB: 0) | 302 Found [http://0.0.0.0/logout]


Processing SessionsController#destroy (for 127.0.0.1 at 2011-02-28 10:56:23) [GET]
  Parameters: {"action"=>"destroy", "controller"=>"sessions"}
Redirected to http://0.0.0.0:3000/
Completed in 5ms (DB: 0) | 302 Found [http://0.0.0.0/logout]


Processing ApplicationController#index (for 127.0.0.1 at 2011-02-28 10:56:39) [GET]

ActionController::RoutingError (No route matches "/asset" with {:method=>:get}):
  

Rendering rescues/layout (not_found)


Processing AssetsController#index (for 127.0.0.1 at 2011-02-28 10:56:43) [GET]
  Parameters: {"action"=>"index", "controller"=>"assets"}
Redirected to http://0.0.0.0:3000/login
Filter chain halted as [:login_required] rendered_or_redirected.
Completed in 1ms (DB: 0) | 302 Found [http://0.0.0.0/assets]


Processing SessionsController#new (for 127.0.0.1 at 2011-02-28 10:56:43) [GET]
  Parameters: {"action"=>"new", "controller"=>"sessions"}
Rendering template within layouts/application
Rendering sessions/new
Completed in 10ms (View: 5, DB: 0) | 200 OK [http://0.0.0.0/login]


Processing SessionsController#new (for 127.0.0.1 at 2011-02-28 10:56:59) [GET]
  Parameters: {"action"=>"new", "controller"=>"sessions"}
Rendering template within layouts/application
Rendering sessions/new
Completed in 19ms (View: 12, DB: 0) | 200 OK [http://0.0.0.0/login]


Processing SessionsController#new (for 127.0.0.1 at 2011-02-28 10:57:01) [GET]
  Parameters: {"action"=>"new", "controller"=>"sessions"}
Rendering template within layouts/application
Rendering sessions/new
Completed in 24ms (View: 16, DB: 0) | 200 OK [http://0.0.0.0/login]


Processing UsersController#new (for 127.0.0.1 at 2011-02-28 10:57:07) [GET]
  Parameters: {"action"=>"new", "controller"=>"users"}

NoMethodError (undefined method `authenticate_user!' for #<UsersController:0xb5f1e928>):
  

Rendered rescues/_trace (94.5ms)
Rendered rescues/_request_and_response (0.4ms)
Rendering rescues/layout (internal_server_error)


Processing UsersController#new (for 127.0.0.1 at 2011-02-28 10:57:49) [GET]
  Parameters: {"action"=>"new", "controller"=>"users"}
Rendering template within layouts/application
Rendering users/new
Completed in 50ms (View: 23, DB: 0) | 200 OK [http://0.0.0.0/signup]


Processing UsersController#create (for 127.0.0.1 at 2011-02-28 10:58:11) [POST]
  Parameters: {"commit"=>"Sign up", "action"=>"create", "authenticity_token"=>"GH88rRT93oa9TZzDIx4h+6zWTcSwwtuByLIDN1L7OIM=", "controller"=>"users", "user"=>{"password_confirmation"=>"[FILTERED]", "username"=>"jackr12", "password"=>"[FILTERED]", "email"=>"jackrad@hotmail.co.uk"}}
  [4;35;1mUser Load (0.2ms)[0m   [0mSELECT "users".id FROM "users" WHERE ("users"."username" = 'jackr12') LIMIT 1[0m
  [4;36;1mUser Load (0.1ms)[0m   [0;1mSELECT "users".id FROM "users" WHERE ("users"."email" = 'jackrad@hotmail.co.uk') LIMIT 1[0m
  [4;35;1mUser Create (7.6ms)[0m   [0mINSERT INTO "users" ("created_at", "updated_at", "username", "password_salt", "password_hash", "email") VALUES('2011-02-28 10:58:11', '2011-02-28 10:58:11', 'jackr12', 'b6352f720c3a86b3c4661b6d938647559e54e9c0', '94da54567c0f587d05c4a6f880910cd32c4e8d7a', 'jackrad@hotmail.co.uk')[0m
Redirected to http://0.0.0.0:3000/
Completed in 150ms (DB: 8) | 302 Found [http://0.0.0.0/users]


Processing Rails::InfoController#properties (for 127.0.0.1 at 2011-02-28 10:58:27) [GET]
  [4;36;1mSQL (0.5ms)[0m   [0;1m SELECT name
 FROM sqlite_master
 WHERE type = 'table' AND NOT name = 'sqlite_sequence'
[0m
  [4;35;1mSQL (0.3ms)[0m   [0mSELECT version FROM schema_migrations[0m
Completed in 107ms (View: 20, DB: 1) | 200 OK [http://0.0.0.0/rails/info/properties]


Processing Rails::InfoController#properties (for 127.0.0.1 at 2011-02-28 11:00:49) [GET]
  [4;36;1mSQL (0.8ms)[0m   [0;1m SELECT name
 FROM sqlite_master
 WHERE type = 'table' AND NOT name = 'sqlite_sequence'
[0m
  [4;35;1mSQL (0.4ms)[0m   [0mSELECT version FROM schema_migrations[0m
Completed in 73ms (View: 8, DB: 1) | 200 OK [http://0.0.0.0/rails/info/properties]


Processing AssetsController#show (for 127.0.0.1 at 2011-02-28 11:01:08) [GET]
  Parameters: {"action"=>"show", "id"=>"show", "controller"=>"assets"}
  [4;36;1mUser Load (0.7ms)[0m   [0;1mSELECT * FROM "users" WHERE ("users"."id" = 3) [0m

SyntaxError (/home/jackr/Dropbox/assets/app/models/assets.rb:2: syntax error, unexpected tIDENTIFIER, expecting kEND
...longs_to :user attr_accessible :title, :purchaseN, :requisit...
                              ^
/home/jackr/Dropbox/assets/app/models/assets.rb:2: syntax error, unexpected ',', expecting tCOLON2 or '[' or '.'
...accessible :title, :purchaseN, :requisition, :orderD, :locat...
                              ^):
  app/controllers/assets_controller.rb:8:in `show'

Rendered rescues/_trace (56.5ms)
Rendered rescues/_request_and_response (1.4ms)
Rendering rescues/layout (internal_server_error)


Processing AssetsController#show (for 127.0.0.1 at 2011-02-28 11:01:16) [GET]
  Parameters: {"action"=>"show", "id"=>"index", "controller"=>"assets"}
  [4;35;1mUser Load (0.6ms)[0m   [0mSELECT * FROM "users" WHERE ("users"."id" = 3) [0m

SyntaxError (/home/jackr/Dropbox/assets/app/models/assets.rb:2: syntax error, unexpected tIDENTIFIER, expecting kEND
...longs_to :user attr_accessible :title, :purchaseN, :requisit...
                              ^
/home/jackr/Dropbox/assets/app/models/assets.rb:2: syntax error, unexpected ',', expecting tCOLON2 or '[' or '.'
...accessible :title, :purchaseN, :requisition, :orderD, :locat...
                              ^):
  app/controllers/assets_controller.rb:8:in `show'

Rendered rescues/_trace (97.1ms)
Rendered rescues/_request_and_response (0.4ms)
Rendering rescues/layout (internal_server_error)


Processing AssetsController#show (for 127.0.0.1 at 2011-02-28 11:01:37) [GET]
  Parameters: {"action"=>"show", "id"=>"login", "controller"=>"assets"}
  [4;36;1mUser Load (0.9ms)[0m   [0;1mSELECT * FROM "users" WHERE ("users"."id" = 3) [0m

SyntaxError (/home/jackr/Dropbox/assets/app/models/assets.rb:2: syntax error, unexpected tIDENTIFIER, expecting kEND
...longs_to :user attr_accessible :title, :purchaseN, :requisit...
                              ^
/home/jackr/Dropbox/assets/app/models/assets.rb:2: syntax error, unexpected ',', expecting tCOLON2 or '[' or '.'
...accessible :title, :purchaseN, :requisition, :orderD, :locat...
                              ^):
  app/controllers/assets_controller.rb:8:in `show'

Rendered rescues/_trace (127.8ms)
Rendered rescues/_request_and_response (0.6ms)
Rendering rescues/layout (internal_server_error)


Processing ApplicationController#index (for 127.0.0.1 at 2011-02-28 11:01:42) [GET]

ActionController::RoutingError (No route matches "/new" with {:method=>:get}):
  

Rendering rescues/layout (not_found)


Processing ApplicationController#index (for 127.0.0.1 at 2011-02-28 11:01:46) [GET]

ActionController::RoutingError (No route matches "/edit" with {:method=>:get}):
  

Rendering rescues/layout (not_found)


Processing SessionsController#new (for 127.0.0.1 at 2011-02-28 11:01:50) [GET]
  Parameters: {"action"=>"new", "controller"=>"sessions"}
Rendering template within layouts/application
Rendering sessions/new
  [4;35;1mUser Load (0.4ms)[0m   [0mSELECT * FROM "users" WHERE ("users"."id" = 3) [0m
Completed in 80ms (View: 61, DB: 0) | 200 OK [http://0.0.0.0/login]


Processing SessionsController#create (for 127.0.0.1 at 2011-02-28 11:01:56) [POST]
  Parameters: {"commit"=>"Log in", "action"=>"create", "authenticity_token"=>"GH88rRT93oa9TZzDIx4h+6zWTcSwwtuByLIDN1L7OIM=", "controller"=>"sessions", "login"=>"jackrad@hotmail.co.uk", "password"=>"[FILTERED]"}
  [4;36;1mUser Load (0.2ms)[0m   [0;1mSELECT * FROM "users" WHERE ("users"."username" = 'jackrad@hotmail.co.uk') LIMIT 1[0m
  [4;35;1mUser Load (1.0ms)[0m   [0mSELECT * FROM "users" WHERE ("users"."email" = 'jackrad@hotmail.co.uk') LIMIT 1[0m
Redirected to http://0.0.0.0:3000/assets
Completed in 79ms (DB: 1) | 302 Found [http://0.0.0.0/sessions]


Processing AssetsController#index (for 127.0.0.1 at 2011-02-28 11:01:56) [GET]
  Parameters: {"action"=>"index", "controller"=>"assets"}
  [4;36;1mUser Load (0.5ms)[0m   [0;1mSELECT * FROM "users" WHERE ("users"."id" = 3) [0m

SyntaxError (/home/jackr/Dropbox/assets/app/models/assets.rb:2: syntax error, unexpected tIDENTIFIER, expecting kEND
...longs_to :user attr_accessible :title, :purchaseN, :requisit...
                              ^
/home/jackr/Dropbox/assets/app/models/assets.rb:2: syntax error, unexpected ',', expecting tCOLON2 or '[' or '.'
...accessible :title, :purchaseN, :requisition, :orderD, :locat...
                              ^):
  app/controllers/assets_controller.rb:4:in `index'

Rendered rescues/_trace (91.1ms)
Rendered rescues/_request_and_response (0.3ms)
Rendering rescues/layout (internal_server_error)


Processing AssetsController#index (for 127.0.0.1 at 2011-02-28 11:05:58) [GET]
  Parameters: {"action"=>"index", "controller"=>"assets"}
  [4;35;1mUser Load (0.4ms)[0m   [0mSELECT * FROM "users" WHERE ("users"."id" = 3) [0m

SyntaxError (/home/jackr/Dropbox/assets/app/models/assets.rb:2: syntax error, unexpected tIDENTIFIER, expecting kEND
...longs_to :user attr_accessible :title, :purchaseN, :requisit...
                              ^
/home/jackr/Dropbox/assets/app/models/assets.rb:2: syntax error, unexpected ',', expecting tCOLON2 or '[' or '.'
...accessible :title, :purchaseN, :requisition, :orderD, :locat...
                              ^):
  app/controllers/assets_controller.rb:4:in `index'

Rendered rescues/_trace (56.8ms)
Rendered rescues/_request_and_response (0.5ms)
Rendering rescues/layout (internal_server_error)


Processing SessionsController#new (for 127.0.0.1 at 2011-02-28 11:06:08) [GET]
  Parameters: {"action"=>"new", "controller"=>"sessions"}
Rendering template within layouts/application
Rendering sessions/new
  [4;36;1mUser Load (0.3ms)[0m   [0;1mSELECT * FROM "users" WHERE ("users"."id" = 3) [0m
Completed in 40ms (View: 29, DB: 0) | 200 OK [http://0.0.0.0/login]


Processing SessionsController#create (for 127.0.0.1 at 2011-02-28 11:06:11) [POST]
  Parameters: {"commit"=>"Log in", "action"=>"create", "authenticity_token"=>"GH88rRT93oa9TZzDIx4h+6zWTcSwwtuByLIDN1L7OIM=", "controller"=>"sessions", "login"=>"jackrad@hotmail.co.uk", "password"=>"[FILTERED]"}
  [4;35;1mUser Load (0.2ms)[0m   [0mSELECT * FROM "users" WHERE ("users"."username" = 'jackrad@hotmail.co.uk') LIMIT 1[0m
  [4;36;1mUser Load (0.3ms)[0m   [0;1mSELECT * FROM "users" WHERE ("users"."email" = 'jackrad@hotmail.co.uk') LIMIT 1[0m
Redirected to http://0.0.0.0:3000/
Completed in 41ms (DB: 0) | 302 Found [http://0.0.0.0/sessions]


Processing UsersController#new (for 127.0.0.1 at 2011-02-28 11:06:15) [GET]
  Parameters: {"action"=>"new", "controller"=>"users"}
Rendering template within layouts/application
Rendering users/new
  [4;35;1mUser Load (4.9ms)[0m   [0mSELECT * FROM "users" WHERE ("users"."id" = 3) [0m
Completed in 81ms (View: 45, DB: 5) | 200 OK [http://0.0.0.0/signup]


Processing UsersController#create (for 127.0.0.1 at 2011-02-28 11:06:32) [POST]
  Parameters: {"commit"=>"Sign up", "action"=>"create", "authenticity_token"=>"GH88rRT93oa9TZzDIx4h+6zWTcSwwtuByLIDN1L7OIM=", "controller"=>"users", "user"=>{"password_confirmation"=>"[FILTERED]", "username"=>"jack123", "password"=>"[FILTERED]", "email"=>"jackrad2@hotmail.co.uk"}}
  [4;36;1mUser Load (0.2ms)[0m   [0;1mSELECT "users".id FROM "users" WHERE ("users"."username" = 'jack123') LIMIT 1[0m
  [4;35;1mUser Load (0.1ms)[0m   [0mSELECT "users".id FROM "users" WHERE ("users"."email" = 'jackrad2@hotmail.co.uk') LIMIT 1[0m
  [4;36;1mUser Create (13.1ms)[0m   [0;1mINSERT INTO "users" ("created_at", "updated_at", "username", "password_salt", "password_hash", "email") VALUES('2011-02-28 11:06:32', '2011-02-28 11:06:32', 'jack123', '0467c382e53d953999fe749532807aebd6d4b7e5', '5b719b1cd96bab54ea97ecf76b9f4ed5aa956a92', 'jackrad2@hotmail.co.uk')[0m
Redirected to http://0.0.0.0:3000/
Completed in 77ms (DB: 13) | 302 Found [http://0.0.0.0/users]


Processing SessionsController#new (for 127.0.0.1 at 2011-02-28 11:57:06) [GET]
  Parameters: {"action"=>"new", "controller"=>"sessions"}
Rendering template within layouts/application
Rendering sessions/new
Completed in 43ms (View: 42, DB: 0) | 200 OK [http://0.0.0.0/login]


Processing UsersController#new (for 127.0.0.1 at 2011-02-28 11:57:08) [GET]
  Parameters: {"action"=>"new", "controller"=>"users"}
Rendering template within layouts/application
Rendering users/new
Completed in 11ms (View: 7, DB: 0) | 200 OK [http://0.0.0.0/signup]


Processing SessionsController#create (for 127.0.0.1 at 2011-02-28 11:57:19) [POST]
  Parameters: {"commit"=>"Log in", "action"=>"create", "authenticity_token"=>"ZdYCVhIkKvLmPexl4jqAJnksRX9+cpNsCIwijU9m3c4=", "controller"=>"sessions", "login"=>"jackr99", "password"=>"[FILTERED]"}
  [4;36;1mUser Load (0.1ms)[0m   [0;1mSELECT * FROM "users" WHERE ("users"."username" = 'jackr99') LIMIT 1[0m
  [4;35;1mUser Load (0.1ms)[0m   [0mSELECT * FROM "users" WHERE ("users"."email" = 'jackr99') LIMIT 1[0m
Rendering template within layouts/application
Rendering sessions/new
Completed in 49ms (View: 23, DB: 0) | 200 OK [http://0.0.0.0/sessions]


Processing UsersController#new (for 127.0.0.1 at 2011-02-28 11:57:21) [GET]
  Parameters: {"action"=>"new", "controller"=>"users"}
Rendering template within layouts/application
Rendering users/new
Completed in 8ms (View: 4, DB: 0) | 200 OK [http://0.0.0.0/signup]


Processing UsersController#create (for 127.0.0.1 at 2011-02-28 11:57:41) [POST]
  Parameters: {"commit"=>"Sign up", "action"=>"create", "authenticity_token"=>"ZdYCVhIkKvLmPexl4jqAJnksRX9+cpNsCIwijU9m3c4=", "controller"=>"users", "user"=>{"password_confirmation"=>"[FILTERED]", "username"=>"jack1", "password"=>"[FILTERED]", "email"=>"jackr99@hotmail.co.uk"}}
  [4;36;1mUser Load (0.1ms)[0m   [0;1mSELECT "users".id FROM "users" WHERE ("users"."username" = 'jack1') LIMIT 1[0m
  [4;35;1mUser Load (0.1ms)[0m   [0mSELECT "users".id FROM "users" WHERE ("users"."email" = 'jackr99@hotmail.co.uk') LIMIT 1[0m
Rendering template within layouts/application
Rendering users/new
Completed in 11ms (View: 6, DB: 0) | 200 OK [http://0.0.0.0/users]


Processing UsersController#create (for 127.0.0.1 at 2011-02-28 11:57:54) [POST]
  Parameters: {"commit"=>"Sign up", "action"=>"create", "authenticity_token"=>"ZdYCVhIkKvLmPexl4jqAJnksRX9+cpNsCIwijU9m3c4=", "controller"=>"users", "user"=>{"password_confirmation"=>"[FILTERED]", "username"=>"jack1", "password"=>"[FILTERED]", "email"=>"jackr99@hotmail.co.uk"}}
  [4;36;1mUser Load (0.1ms)[0m   [0;1mSELECT "users".id FROM "users" WHERE ("users"."username" = 'jack1') LIMIT 1[0m
  [4;35;1mUser Load (0.0ms)[0m   [0mSELECT "users".id FROM "users" WHERE ("users"."email" = 'jackr99@hotmail.co.uk') LIMIT 1[0m
  [4;36;1mUser Create (0.2ms)[0m   [0;1mINSERT INTO "users" ("created_at", "updated_at", "username", "password_salt", "password_hash", "email") VALUES('2011-02-28 11:57:54', '2011-02-28 11:57:54', 'jack1', '0158018b51b71267ff54ac6ea0258355bdee59e5', 'e9ba0d374a50e6793e2a152a1c2ae36a3eec9be6', 'jackr99@hotmail.co.uk')[0m
Redirected to http://0.0.0.0:3000/
Completed in 82ms (DB: 0) | 302 Found [http://0.0.0.0/users]


Processing AssetsController#index (for 127.0.0.1 at 2011-02-28 12:05:04) [GET]
  Parameters: {"action"=>"index", "controller"=>"assets"}

SyntaxError (/home/enrjradc/Desktop/assets/app/models/assets.rb:2: syntax error, unexpected tIDENTIFIER, expecting kEND
...longs_to :user attr_accessible :title, :purchaseN, :requisit...
                              ^
/home/enrjradc/Desktop/assets/app/models/assets.rb:2: syntax error, unexpected ',', expecting tCOLON2 or '[' or '.'
...accessible :title, :purchaseN, :requisition, :orderD, :locat...
                              ^):
  app/controllers/assets_controller.rb:5:in `index'
  /usr/lib/ruby/1.8/webrick/httpserver.rb:104:in `service'
  /usr/lib/ruby/1.8/webrick/httpserver.rb:65:in `run'
  /usr/lib/ruby/1.8/webrick/server.rb:173:in `start_thread'
  /usr/lib/ruby/1.8/webrick/server.rb:162:in `start'
  /usr/lib/ruby/1.8/webrick/server.rb:162:in `start_thread'
  /usr/lib/ruby/1.8/webrick/server.rb:95:in `start'
  /usr/lib/ruby/1.8/webrick/server.rb:92:in `each'
  /usr/lib/ruby/1.8/webrick/server.rb:92:in `start'
  /usr/lib/ruby/1.8/webrick/server.rb:23:in `start'
  /usr/lib/ruby/1.8/webrick/server.rb:82:in `start'

Rendered rescues/_trace (19.9ms)
Rendered rescues/_request_and_response (0.7ms)
Rendering rescues/layout (internal_server_error)


Processing AssetsController#index (for 127.0.0.1 at 2011-02-28 12:05:16) [GET]
  Parameters: {"action"=>"index", "controller"=>"assets"}

SyntaxError (/home/enrjradc/Desktop/assets/app/models/assets.rb:2: syntax error, unexpected tIDENTIFIER, expecting kEND
...longs_to :user attr_accessible :title, :purchaseN, :requisit...
                              ^
/home/enrjradc/Desktop/assets/app/models/assets.rb:2: syntax error, unexpected ',', expecting tCOLON2 or '[' or '.'
...accessible :title, :purchaseN, :requisition, :orderD, :locat...
                              ^):
  app/controllers/assets_controller.rb:5:in `index'
  /usr/lib/ruby/1.8/webrick/httpserver.rb:104:in `service'
  /usr/lib/ruby/1.8/webrick/httpserver.rb:65:in `run'
  /usr/lib/ruby/1.8/webrick/server.rb:173:in `start_thread'
  /usr/lib/ruby/1.8/webrick/server.rb:162:in `start'
  /usr/lib/ruby/1.8/webrick/server.rb:162:in `start_thread'
  /usr/lib/ruby/1.8/webrick/server.rb:95:in `start'
  /usr/lib/ruby/1.8/webrick/server.rb:92:in `each'
  /usr/lib/ruby/1.8/webrick/server.rb:92:in `start'
  /usr/lib/ruby/1.8/webrick/server.rb:23:in `start'
  /usr/lib/ruby/1.8/webrick/server.rb:82:in `start'

Rendered rescues/_trace (19.7ms)
Rendered rescues/_request_and_response (0.2ms)
Rendering rescues/layout (internal_server_error)


Processing AssetsController#index (for 127.0.0.1 at 2011-02-28 12:11:00) [GET]
  Parameters: {"action"=>"index", "controller"=>"assets"}
  [4;36;1mUser Load (0.2ms)[0m   [0;1mSELECT * FROM "users" WHERE ("users"."id" = 5) [0m

SyntaxError (/home/enrjradc/Desktop/assets/app/models/assets.rb:2: syntax error, unexpected tIDENTIFIER, expecting kEND
...longs_to :user attr_accessible :title, :purchaseN, :requisit...
                              ^
/home/enrjradc/Desktop/assets/app/models/assets.rb:2: syntax error, unexpected ',', expecting tCOLON2 or '[' or '.'
...accessible :title, :purchaseN, :requisition, :orderD, :locat...
                              ^):
  app/controllers/assets_controller.rb:5:in `index'
  /usr/lib/ruby/1.8/webrick/httpserver.rb:104:in `service'
  /usr/lib/ruby/1.8/webrick/httpserver.rb:65:in `run'
  /usr/lib/ruby/1.8/webrick/server.rb:173:in `start_thread'
  /usr/lib/ruby/1.8/webrick/server.rb:162:in `start'
  /usr/lib/ruby/1.8/webrick/server.rb:162:in `start_thread'
  /usr/lib/ruby/1.8/webrick/server.rb:95:in `start'
  /usr/lib/ruby/1.8/webrick/server.rb:92:in `each'
  /usr/lib/ruby/1.8/webrick/server.rb:92:in `start'
  /usr/lib/ruby/1.8/webrick/server.rb:23:in `start'
  /usr/lib/ruby/1.8/webrick/server.rb:82:in `start'

Rendered rescues/_trace (18.7ms)
Rendered rescues/_request_and_response (0.1ms)
Rendering rescues/layout (internal_server_error)


Processing SessionsController#new (for 127.0.0.1 at 2011-02-28 12:11:45) [GET]
  Parameters: {"action"=>"new", "controller"=>"sessions"}
Rendering template within layouts/application
Rendering sessions/new
  [4;35;1mUser Load (0.2ms)[0m   [0mSELECT * FROM "users" WHERE ("users"."id" = 5) [0m
Completed in 11ms (View: 10, DB: 0) | 200 OK [http://0.0.0.0/login]


Processing SessionsController#destroy (for 127.0.0.1 at 2011-02-28 12:11:48) [GET]
  Parameters: {"action"=>"destroy", "controller"=>"sessions"}
Redirected to http://0.0.0.0:3000/
Completed in 1ms (DB: 0) | 302 Found [http://0.0.0.0/logout]


Processing UsersController#new (for 127.0.0.1 at 2011-02-28 12:11:50) [GET]
  Parameters: {"action"=>"new", "controller"=>"users"}
Rendering template within layouts/application
Rendering users/new
Completed in 11ms (View: 7, DB: 0) | 200 OK [http://0.0.0.0/signup]


Processing UsersController#new (for 127.0.0.1 at 2011-02-28 12:11:55) [GET]
  Parameters: {"action"=>"new", "controller"=>"users"}
Rendering template within layouts/application
Rendering users/new
Completed in 8ms (View: 4, DB: 0) | 200 OK [http://0.0.0.0/signup]


Processing SessionsController#destroy (for 127.0.0.1 at 2011-02-28 12:11:58) [GET]
  Parameters: {"action"=>"destroy", "controller"=>"sessions"}
Redirected to http://0.0.0.0:3000/
Completed in 1ms (DB: 0) | 302 Found [http://0.0.0.0/logout]


Processing SessionsController#create (for 127.0.0.1 at 2011-02-28 12:12:01) [POST]
  Parameters: {"commit"=>"Log in", "action"=>"create", "authenticity_token"=>"ZdYCVhIkKvLmPexl4jqAJnksRX9+cpNsCIwijU9m3c4=", "controller"=>"sessions", "login"=>"", "password"=>"[FILTERED]"}
  [4;36;1mUser Load (0.1ms)[0m   [0;1mSELECT * FROM "users" WHERE ("users"."username" = '') LIMIT 1[0m
  [4;35;1mUser Load (0.1ms)[0m   [0mSELECT * FROM "users" WHERE ("users"."email" = '') LIMIT 1[0m
Rendering template within layouts/application
Rendering sessions/new
Completed in 9ms (View: 1, DB: 0) | 200 OK [http://0.0.0.0/sessions]


Processing SessionsController#destroy (for 127.0.0.1 at 2011-02-28 12:12:06) [GET]
  Parameters: {"action"=>"destroy", "controller"=>"sessions"}
Redirected to http://0.0.0.0:3000/
Completed in 1ms (DB: 0) | 302 Found [http://0.0.0.0/logout]


Processing SessionsController#new (for 127.0.0.1 at 2011-02-28 12:35:31) [GET]
  Parameters: {"action"=>"new", "controller"=>"sessions"}
Rendering template within layouts/application
Rendering sessions/new
Completed in 3ms (View: 2, DB: 0) | 200 OK [http://0.0.0.0/login]


Processing SessionsController#new (for 127.0.0.1 at 2011-02-28 12:35:33) [GET]
  Parameters: {"action"=>"new", "controller"=>"sessions"}
Rendering template within layouts/application
Rendering sessions/new
Completed in 3ms (View: 1, DB: 0) | 200 OK [http://0.0.0.0/login]


Processing UsersController#new (for 127.0.0.1 at 2011-02-28 12:35:34) [GET]
  Parameters: {"action"=>"new", "controller"=>"users"}
Rendering template within layouts/application
Rendering users/new
Completed in 8ms (View: 4, DB: 0) | 200 OK [http://0.0.0.0/signup]


Processing SessionsController#new (for 127.0.0.1 at 2011-02-28 12:35:35) [GET]
  Parameters: {"action"=>"new", "controller"=>"sessions"}
Rendering template within layouts/application
Rendering sessions/new
Completed in 3ms (View: 1, DB: 0) | 200 OK [http://0.0.0.0/login]


Processing SessionsController#new (for 127.0.0.1 at 2011-02-28 12:35:36) [GET]
  Parameters: {"action"=>"new", "controller"=>"sessions"}
Rendering template within layouts/application
Rendering sessions/new
Completed in 3ms (View: 1, DB: 0) | 200 OK [http://0.0.0.0/login]
  [4;36;1mSQL (0.3ms)[0m   [0;1m SELECT name
 FROM sqlite_master
 WHERE type = 'table' AND NOT name = 'sqlite_sequence'
[0m
  [4;35;1mSQL (0.1ms)[0m   [0mSELECT version FROM schema_migrations[0m
Migrating to CreateAssets (20110225115143)
Migrating to CreateUsers (20110225120028)
Migrating to AddUserIdToAssets (20110225120212)
  [4;36;1mSQL (0.1ms)[0m   [0;1mselect sqlite_version(*)[0m
  [4;35;1mSQL (0.1ms)[0m   [0m SELECT name
 FROM sqlite_master
 WHERE type = 'table' AND NOT name = 'sqlite_sequence'
[0m
  [4;36;1mSQL (0.1ms)[0m   [0;1mSELECT version FROM schema_migrations[0m
  [4;35;1mSQL (0.1ms)[0m   [0m SELECT name
 FROM sqlite_master
 WHERE type = 'table' AND NOT name = 'sqlite_sequence'
[0m
  [4;36;1mSQL (0.0ms)[0m   [0;1mPRAGMA index_list("assets")[0m
  [4;35;1mSQL (0.0ms)[0m   [0mPRAGMA index_list("users")[0m


Processing SessionsController#new (for 127.0.0.1 at 2011-02-28 13:04:49) [GET]
  Parameters: {"action"=>"new", "controller"=>"sessions"}
Rendering template within layouts/application
Rendering sessions/new
Completed in 8ms (View: 7, DB: 0) | 200 OK [http://0.0.0.0/login]


Processing AssetsController#index (for 127.0.0.1 at 2011-02-28 13:09:33) [GET]
  Parameters: {"action"=>"index", "controller"=>"assets"}
Redirected to http://0.0.0.0:3000/login
Filter chain halted as [:login_required] rendered_or_redirected.
Completed in 0ms (DB: 0) | 302 Found [http://0.0.0.0/assets]


Processing SessionsController#new (for 127.0.0.1 at 2011-02-28 13:09:33) [GET]
  Parameters: {"action"=>"new", "controller"=>"sessions"}
Rendering template within layouts/application
Rendering sessions/new
Completed in 3ms (View: 2, DB: 0) | 200 OK [http://0.0.0.0/login]


Processing UsersController#new (for 127.0.0.1 at 2011-02-28 13:09:38) [GET]
  Parameters: {"action"=>"new", "controller"=>"users"}
Rendering template within layouts/application
Rendering users/new
Completed in 11ms (View: 7, DB: 0) | 200 OK [http://0.0.0.0/signup]


Processing UsersController#create (for 127.0.0.1 at 2011-02-28 13:10:05) [POST]
  Parameters: {"commit"=>"Sign up", "action"=>"create", "authenticity_token"=>"ZdYCVhIkKvLmPexl4jqAJnksRX9+cpNsCIwijU9m3c4=", "controller"=>"users", "user"=>{"password_confirmation"=>"[FILTERED]", "username"=>"jackrad1", "password"=>"[FILTERED]", "email"=>"jsr1990@hotmail.co.uk"}}
  [4;36;1mUser Load (0.1ms)[0m   [0;1mSELECT "users".id FROM "users" WHERE ("users"."username" = 'jackrad1') LIMIT 1[0m
  [4;35;1mUser Load (0.1ms)[0m   [0mSELECT "users".id FROM "users" WHERE ("users"."email" = 'jsr1990@hotmail.co.uk') LIMIT 1[0m
  [4;36;1mUser Create (0.2ms)[0m   [0;1mINSERT INTO "users" ("created_at", "updated_at", "username", "password_salt", "password_hash", "email") VALUES('2011-02-28 13:10:05', '2011-02-28 13:10:05', 'jackrad1', 'f13c29da479e0c752fb7cb3e60d742f8f8087200', 'ead15cb0b17b158d2f8bfb092f12c6c95a9975bb', 'jsr1990@hotmail.co.uk')[0m
Redirected to http://0.0.0.0:3000/
Completed in 66ms (DB: 0) | 302 Found [http://0.0.0.0/users]


Processing SessionsController#new (for 127.0.0.1 at 2011-02-28 13:16:00) [GET]
  Parameters: {"action"=>"new", "controller"=>"sessions"}
Rendering template within layouts/application
Rendering sessions/new
  [4;35;1mUser Load (0.2ms)[0m   [0mSELECT * FROM "users" WHERE ("users"."id" = 6) [0m
Completed in 5ms (View: 4, DB: 0) | 200 OK [http://0.0.0.0/login]


Processing AssetsController#index (for 127.0.0.1 at 2011-02-28 13:16:05) [GET]
  Parameters: {"action"=>"index", "controller"=>"assets"}
  [4;36;1mUser Load (0.2ms)[0m   [0;1mSELECT * FROM "users" WHERE ("users"."id" = 6) [0m

SyntaxError (/home/enrjradc/Desktop/assets/app/models/assets.rb:2: syntax error, unexpected tIDENTIFIER, expecting kEND
...longs_to :user attr_accessible :title, :purchaseN, :requisit...
                              ^
/home/enrjradc/Desktop/assets/app/models/assets.rb:2: syntax error, unexpected ',', expecting tCOLON2 or '[' or '.'
...accessible :title, :purchaseN, :requisition, :orderD, :locat...
                              ^):
  app/controllers/assets_controller.rb:5:in `index'
  /usr/lib/ruby/1.8/webrick/httpserver.rb:104:in `service'
  /usr/lib/ruby/1.8/webrick/httpserver.rb:65:in `run'
  /usr/lib/ruby/1.8/webrick/server.rb:173:in `start_thread'
  /usr/lib/ruby/1.8/webrick/server.rb:162:in `start'
  /usr/lib/ruby/1.8/webrick/server.rb:162:in `start_thread'
  /usr/lib/ruby/1.8/webrick/server.rb:95:in `start'
  /usr/lib/ruby/1.8/webrick/server.rb:92:in `each'
  /usr/lib/ruby/1.8/webrick/server.rb:92:in `start'
  /usr/lib/ruby/1.8/webrick/server.rb:23:in `start'
  /usr/lib/ruby/1.8/webrick/server.rb:82:in `start'

Rendered rescues/_trace (19.4ms)
Rendered rescues/_request_and_response (0.7ms)
Rendering rescues/layout (internal_server_error)


Processing AssetsController#index (for 127.0.0.1 at 2011-02-28 13:16:52) [GET]
  Parameters: {"action"=>"index", "controller"=>"assets"}
  [4;35;1mUser Load (0.2ms)[0m   [0mSELECT * FROM "users" WHERE ("users"."id" = 6) [0m
  [4;36;1mAssets Load (0.1ms)[0m   [0;1mSELECT * FROM "assets" [0m
Rendering template within layouts/application
Rendering assets/index

ActionView::TemplateError (undefined local variable or method `new_assets_path' for #<ActionView::Base:0xb68f4358>) on line #10 of app/views/assets/index.html.erb:
7: </p>
8: <% end%>
9: 
10: <p><%= link_to "New Assets", new_assets_path %></p>
11: 
12: <body>
13: 

    app/views/assets/index.html.erb:10
    app/controllers/assets_controller.rb:6:in `index'
    /usr/lib/ruby/1.8/webrick/httpserver.rb:104:in `service'
    /usr/lib/ruby/1.8/webrick/httpserver.rb:65:in `run'
    /usr/lib/ruby/1.8/webrick/server.rb:173:in `start_thread'
    /usr/lib/ruby/1.8/webrick/server.rb:162:in `start'
    /usr/lib/ruby/1.8/webrick/server.rb:162:in `start_thread'
    /usr/lib/ruby/1.8/webrick/server.rb:95:in `start'
    /usr/lib/ruby/1.8/webrick/server.rb:92:in `each'
    /usr/lib/ruby/1.8/webrick/server.rb:92:in `start'
    /usr/lib/ruby/1.8/webrick/server.rb:23:in `start'
    /usr/lib/ruby/1.8/webrick/server.rb:82:in `start'

Rendered rescues/_trace (22.6ms)
Rendered rescues/_request_and_response (0.1ms)
Rendering rescues/layout (internal_server_error)


Processing AssetsController#index (for 127.0.0.1 at 2011-02-28 13:17:04) [GET]
  Parameters: {"action"=>"index", "controller"=>"assets"}
  [4;35;1mUser Load (0.2ms)[0m   [0mSELECT * FROM "users" WHERE ("users"."id" = 6) [0m
  [4;36;1mAssets Load (0.1ms)[0m   [0;1mSELECT * FROM "assets" [0m
Rendering template within layouts/application
Rendering assets/index

ActionView::TemplateError (undefined local variable or method `new_assets_path' for #<ActionView::Base:0xb698d8f0>) on line #10 of app/views/assets/index.html.erb:
7: </p>
8: <% end%>
9: 
10: <p><%= link_to "New Assets", new_assets_path %></p>
11: 
12: <body>
13: 

    app/views/assets/index.html.erb:10
    app/controllers/assets_controller.rb:6:in `index'
    /usr/lib/ruby/1.8/webrick/httpserver.rb:104:in `service'
    /usr/lib/ruby/1.8/webrick/httpserver.rb:65:in `run'
    /usr/lib/ruby/1.8/webrick/server.rb:173:in `start_thread'
    /usr/lib/ruby/1.8/webrick/server.rb:162:in `start'
    /usr/lib/ruby/1.8/webrick/server.rb:162:in `start_thread'
    /usr/lib/ruby/1.8/webrick/server.rb:95:in `start'
    /usr/lib/ruby/1.8/webrick/server.rb:92:in `each'
    /usr/lib/ruby/1.8/webrick/server.rb:92:in `start'
    /usr/lib/ruby/1.8/webrick/server.rb:23:in `start'
    /usr/lib/ruby/1.8/webrick/server.rb:82:in `start'

Rendered rescues/_trace (23.3ms)
Rendered rescues/_request_and_response (0.2ms)
Rendering rescues/layout (internal_server_error)


Processing AssetsController#index (for 127.0.0.1 at 2011-02-28 13:17:26) [GET]
  Parameters: {"action"=>"index", "controller"=>"assets"}
  [4;35;1mUser Load (0.2ms)[0m   [0mSELECT * FROM "users" WHERE ("users"."id" = 6) [0m

SyntaxError (/home/enrjradc/Desktop/assets/app/models/assets.rb:3: syntax error, unexpected tIDENTIFIER, expecting kEND
...longs_to :user attr_accessible :title, :purchaseN, :requisit...
                              ^
/home/enrjradc/Desktop/assets/app/models/assets.rb:3: syntax error, unexpected ',', expecting tCOLON2 or '[' or '.'
...accessible :title, :purchaseN, :requisition, :orderD, :locat...
                              ^):
  app/controllers/assets_controller.rb:5:in `index'
  /usr/lib/ruby/1.8/webrick/httpserver.rb:104:in `service'
  /usr/lib/ruby/1.8/webrick/httpserver.rb:65:in `run'
  /usr/lib/ruby/1.8/webrick/server.rb:173:in `start_thread'
  /usr/lib/ruby/1.8/webrick/server.rb:162:in `start'
  /usr/lib/ruby/1.8/webrick/server.rb:162:in `start_thread'
  /usr/lib/ruby/1.8/webrick/server.rb:95:in `start'
  /usr/lib/ruby/1.8/webrick/server.rb:92:in `each'
  /usr/lib/ruby/1.8/webrick/server.rb:92:in `start'
  /usr/lib/ruby/1.8/webrick/server.rb:23:in `start'
  /usr/lib/ruby/1.8/webrick/server.rb:82:in `start'

Rendered rescues/_trace (19.2ms)
Rendered rescues/_request_and_response (0.1ms)
Rendering rescues/layout (internal_server_error)


Processing AssetsController#index (for 127.0.0.1 at 2011-02-28 13:17:29) [GET]
  Parameters: {"action"=>"index", "controller"=>"assets"}
  [4;36;1mUser Load (0.2ms)[0m   [0;1mSELECT * FROM "users" WHERE ("users"."id" = 6) [0m

SyntaxError (/home/enrjradc/Desktop/assets/app/models/assets.rb:3: syntax error, unexpected tIDENTIFIER, expecting kEND
...longs_to :user attr_accessible :title, :purchaseN, :requisit...
                              ^
/home/enrjradc/Desktop/assets/app/models/assets.rb:3: syntax error, unexpected ',', expecting tCOLON2 or '[' or '.'
...accessible :title, :purchaseN, :requisition, :orderD, :locat...
                              ^):
  app/controllers/assets_controller.rb:5:in `index'
  /usr/lib/ruby/1.8/webrick/httpserver.rb:104:in `service'
  /usr/lib/ruby/1.8/webrick/httpserver.rb:65:in `run'
  /usr/lib/ruby/1.8/webrick/server.rb:173:in `start_thread'
  /usr/lib/ruby/1.8/webrick/server.rb:162:in `start'
  /usr/lib/ruby/1.8/webrick/server.rb:162:in `start_thread'
  /usr/lib/ruby/1.8/webrick/server.rb:95:in `start'
  /usr/lib/ruby/1.8/webrick/server.rb:92:in `each'
  /usr/lib/ruby/1.8/webrick/server.rb:92:in `start'
  /usr/lib/ruby/1.8/webrick/server.rb:23:in `start'
  /usr/lib/ruby/1.8/webrick/server.rb:82:in `start'

Rendered rescues/_trace (19.0ms)
Rendered rescues/_request_and_response (0.1ms)
Rendering rescues/layout (internal_server_error)


Processing AssetsController#index (for 127.0.0.1 at 2011-02-28 13:18:32) [GET]
  Parameters: {"action"=>"index", "controller"=>"assets"}
  [4;35;1mUser Load (0.2ms)[0m   [0mSELECT * FROM "users" WHERE ("users"."id" = 6) [0m
  [4;36;1mAssets Load (0.1ms)[0m   [0;1mSELECT * FROM "assets" [0m
Rendering template within layouts/application
Rendering assets/index

ActionView::TemplateError (undefined local variable or method `new_assets_path' for #<ActionView::Base:0xb68aee98>) on line #10 of app/views/assets/index.html.erb:
7: </p>
8: <% end%>
9: 
10: <p><%= link_to "New Assets", new_assets_path %></p>
11: 
12: <body>
13: 

    app/views/assets/index.html.erb:10
    app/controllers/assets_controller.rb:6:in `index'
    /usr/lib/ruby/1.8/webrick/httpserver.rb:104:in `service'
    /usr/lib/ruby/1.8/webrick/httpserver.rb:65:in `run'
    /usr/lib/ruby/1.8/webrick/server.rb:173:in `start_thread'
    /usr/lib/ruby/1.8/webrick/server.rb:162:in `start'
    /usr/lib/ruby/1.8/webrick/server.rb:162:in `start_thread'
    /usr/lib/ruby/1.8/webrick/server.rb:95:in `start'
    /usr/lib/ruby/1.8/webrick/server.rb:92:in `each'
    /usr/lib/ruby/1.8/webrick/server.rb:92:in `start'
    /usr/lib/ruby/1.8/webrick/server.rb:23:in `start'
    /usr/lib/ruby/1.8/webrick/server.rb:82:in `start'

Rendered rescues/_trace (22.7ms)
Rendered rescues/_request_and_response (0.1ms)
Rendering rescues/layout (internal_server_error)


Processing SessionsController#new (for 127.0.0.1 at 2011-02-28 13:25:58) [GET]
  Parameters: {"action"=>"new", "controller"=>"sessions"}
Rendering template within layouts/application
Rendering sessions/new
  [4;36;1mUser Load (0.2ms)[0m   [0;1mSELECT * FROM "users" WHERE ("users"."id" = 6) [0m
Completed in 11ms (View: 10, DB: 0) | 200 OK [http://0.0.0.0/login]


Processing AssetsController#index (for 127.0.0.1 at 2011-02-28 13:26:05) [GET]
  Parameters: {"action"=>"index", "controller"=>"assets"}
  [4;35;1mUser Load (0.2ms)[0m   [0mSELECT * FROM "users" WHERE ("users"."id" = 6) [0m

SyntaxError (/home/enrjradc/Desktop/assets/app/models/assets.rb:3: syntax error, unexpected tIDENTIFIER, expecting kEND
...longs_to :user attr_accessible :title, :purchaseN, :requisit...
                              ^
/home/enrjradc/Desktop/assets/app/models/assets.rb:3: syntax error, unexpected ',', expecting tCOLON2 or '[' or '.'
...accessible :title, :purchaseN, :requisition, :orderD, :locat...
                              ^):
  app/controllers/assets_controller.rb:5:in `index'
  /usr/lib/ruby/1.8/webrick/httpserver.rb:104:in `service'
  /usr/lib/ruby/1.8/webrick/httpserver.rb:65:in `run'
  /usr/lib/ruby/1.8/webrick/server.rb:173:in `start_thread'
  /usr/lib/ruby/1.8/webrick/server.rb:162:in `start'
  /usr/lib/ruby/1.8/webrick/server.rb:162:in `start_thread'
  /usr/lib/ruby/1.8/webrick/server.rb:95:in `start'
  /usr/lib/ruby/1.8/webrick/server.rb:92:in `each'
  /usr/lib/ruby/1.8/webrick/server.rb:92:in `start'
  /usr/lib/ruby/1.8/webrick/server.rb:23:in `start'
  /usr/lib/ruby/1.8/webrick/server.rb:82:in `start'

Rendered rescues/_trace (20.2ms)
Rendered rescues/_request_and_response (0.7ms)
Rendering rescues/layout (internal_server_error)


Processing AssetsController#index (for 127.0.0.1 at 2011-02-28 13:27:16) [GET]
  Parameters: {"action"=>"index", "controller"=>"assets"}
  [4;36;1mUser Load (0.2ms)[0m   [0;1mSELECT * FROM "users" WHERE ("users"."id" = 6) [0m
  [4;35;1mAssets Load (0.1ms)[0m   [0mSELECT * FROM "assets" [0m
Rendering template within layouts/application
Rendering assets/index

ActionView::TemplateError (undefined local variable or method `new_assets_path' for #<ActionView::Base:0xb67204c8>) on line #10 of app/views/assets/index.html.erb:
7: </p>
8: <% end%>
9: 
10: <p><%= link_to "New Assets", new_assets_path %></p>
11: 
12: <body>
13: 

    app/views/assets/index.html.erb:10
    app/controllers/assets_controller.rb:6:in `index'
    /usr/lib/ruby/1.8/webrick/httpserver.rb:104:in `service'
    /usr/lib/ruby/1.8/webrick/httpserver.rb:65:in `run'
    /usr/lib/ruby/1.8/webrick/server.rb:173:in `start_thread'
    /usr/lib/ruby/1.8/webrick/server.rb:162:in `start'
    /usr/lib/ruby/1.8/webrick/server.rb:162:in `start_thread'
    /usr/lib/ruby/1.8/webrick/server.rb:95:in `start'
    /usr/lib/ruby/1.8/webrick/server.rb:92:in `each'
    /usr/lib/ruby/1.8/webrick/server.rb:92:in `start'
    /usr/lib/ruby/1.8/webrick/server.rb:23:in `start'
    /usr/lib/ruby/1.8/webrick/server.rb:82:in `start'

Rendered rescues/_trace (22.7ms)
Rendered rescues/_request_and_response (0.1ms)
Rendering rescues/layout (internal_server_error)


Processing AssetsController#index (for 127.0.0.1 at 2011-02-28 13:28:41) [GET]
  Parameters: {"action"=>"index", "controller"=>"assets"}
  [4;36;1mUser Load (0.2ms)[0m   [0;1mSELECT * FROM "users" WHERE ("users"."id" = 6) [0m
  [4;35;1mAssets Load (0.1ms)[0m   [0mSELECT * FROM "assets" [0m
Rendering template within layouts/application
Rendering assets/index
Completed in 9ms (View: 3, DB: 0) | 200 OK [http://0.0.0.0/assets]


Processing AssetsController#new (for 127.0.0.1 at 2011-02-28 13:28:49) [GET]
  Parameters: {"action"=>"new", "controller"=>"assets"}
  [4;36;1mUser Load (0.2ms)[0m   [0;1mSELECT * FROM "users" WHERE ("users"."id" = 6) [0m
Rendering template within layouts/application
Rendering assets/new

ActionView::TemplateError (undefined method `purchaseN' for #<Assets:0xb677c23c>) on line #8 of app/views/assets/_form.html.erb:
5:   <p><%= f.text_field :title %></p>
6: 
7:   <p><%= f.label :purchaseN %> </p>
8:   <p><%= f.text_field :purchaseN %></p>
9:   
10:   <p><%= f.label :requisition %></p>
11:   <p><%= f.text_field :requisition %></p>

    app/views/assets/_form.html.erb:8
    app/views/assets/_form.html.erb:1
    app/views/assets/new.html.erb:3
    /usr/lib/ruby/1.8/webrick/httpserver.rb:104:in `service'
    /usr/lib/ruby/1.8/webrick/httpserver.rb:65:in `run'
    /usr/lib/ruby/1.8/webrick/server.rb:173:in `start_thread'
    /usr/lib/ruby/1.8/webrick/server.rb:162:in `start'
    /usr/lib/ruby/1.8/webrick/server.rb:162:in `start_thread'
    /usr/lib/ruby/1.8/webrick/server.rb:95:in `start'
    /usr/lib/ruby/1.8/webrick/server.rb:92:in `each'
    /usr/lib/ruby/1.8/webrick/server.rb:92:in `start'
    /usr/lib/ruby/1.8/webrick/server.rb:23:in `start'
    /usr/lib/ruby/1.8/webrick/server.rb:82:in `start'

Rendered rescues/_trace (28.0ms)
Rendered rescues/_request_and_response (0.1ms)
Rendering rescues/layout (internal_server_error)


Processing SessionsController#destroy (for 127.0.0.1 at 2011-02-28 13:28:59) [GET]
  Parameters: {"action"=>"destroy", "controller"=>"sessions"}
Redirected to http://0.0.0.0:3000/
Completed in 1ms (DB: 0) | 302 Found [http://0.0.0.0/logout]


Processing SessionsController#destroy (for 127.0.0.1 at 2011-02-28 13:29:06) [GET]
  Parameters: {"action"=>"destroy", "controller"=>"sessions"}
Redirected to http://0.0.0.0:3000/
Completed in 1ms (DB: 0) | 302 Found [http://0.0.0.0/logout]


Processing SessionsController#new (for 127.0.0.1 at 2011-02-28 13:29:17) [GET]
  Parameters: {"action"=>"new", "controller"=>"sessions"}
Rendering template within layouts/application
Rendering sessions/new
Completed in 3ms (View: 2, DB: 0) | 200 OK [http://0.0.0.0/login]


Processing SessionsController#new (for 127.0.0.1 at 2011-02-28 13:29:22) [GET]
  Parameters: {"action"=>"new", "controller"=>"sessions"}
Rendering template within layouts/application
Rendering sessions/new
Completed in 3ms (View: 1, DB: 0) | 200 OK [http://0.0.0.0/login]


Processing SessionsController#new (for 127.0.0.1 at 2011-02-28 13:29:24) [GET]
  Parameters: {"action"=>"new", "controller"=>"sessions"}
Rendering template within layouts/application
Rendering sessions/new
Completed in 3ms (View: 1, DB: 0) | 200 OK [http://0.0.0.0/login]


Processing AssetsController#index (for 127.0.0.1 at 2011-02-28 13:29:30) [GET]
  Parameters: {"action"=>"index", "controller"=>"assets"}
Redirected to http://0.0.0.0:3000/login
Filter chain halted as [:login_required] rendered_or_redirected.
Completed in 0ms (DB: 0) | 302 Found [http://0.0.0.0/assets]


Processing SessionsController#new (for 127.0.0.1 at 2011-02-28 13:29:30) [GET]
  Parameters: {"action"=>"new", "controller"=>"sessions"}
Rendering template within layouts/application
Rendering sessions/new
Completed in 3ms (View: 2, DB: 0) | 200 OK [http://0.0.0.0/login]


Processing UsersController#new (for 127.0.0.1 at 2011-02-28 13:29:33) [GET]
  Parameters: {"action"=>"new", "controller"=>"users"}
Rendering template within layouts/application
Rendering users/new
Completed in 10ms (View: 7, DB: 0) | 200 OK [http://0.0.0.0/signup]


Processing UsersController#create (for 127.0.0.1 at 2011-02-28 13:29:53) [POST]
  Parameters: {"commit"=>"Sign up", "action"=>"create", "authenticity_token"=>"ZdYCVhIkKvLmPexl4jqAJnksRX9+cpNsCIwijU9m3c4=", "controller"=>"users", "user"=>{"password_confirmation"=>"[FILTERED]", "username"=>"liams2", "password"=>"[FILTERED]", "email"=>"laims2@hotmail.co.uk"}}
  [4;35;1mUser Load (0.1ms)[0m   [0mSELECT "users".id FROM "users" WHERE ("users"."username" = 'liams2') LIMIT 1[0m
  [4;36;1mUser Load (0.0ms)[0m   [0;1mSELECT "users".id FROM "users" WHERE ("users"."email" = 'laims2@hotmail.co.uk') LIMIT 1[0m
  [4;35;1mUser Create (0.2ms)[0m   [0mINSERT INTO "users" ("created_at", "updated_at", "username", "password_salt", "password_hash", "email") VALUES('2011-02-28 13:29:53', '2011-02-28 13:29:53', 'liams2', '24d4c66280c11c761b83f40b3d6211ec69fe9047', 'b13b65ee26b3ca936ae843aa80a3788aaaa86c50', 'laims2@hotmail.co.uk')[0m
Redirected to http://0.0.0.0:3000/
Completed in 71ms (DB: 0) | 302 Found [http://0.0.0.0/users]


Processing AssetsController#index (for 127.0.0.1 at 2011-02-28 13:31:37) [GET]
  Parameters: {"action"=>"index", "controller"=>"assets"}
  [4;36;1mUser Load (0.2ms)[0m   [0;1mSELECT * FROM "users" WHERE ("users"."id" = 7) [0m
  [4;35;1mAssets Load (0.1ms)[0m   [0mSELECT * FROM "assets" [0m
Rendering template within layouts/application
Rendering assets/index

ActionView::TemplateError (undefined local variable or method `assets' for #<ActionView::Base:0xb67a7234>) on line #11 of app/views/assets/index.html.erb:
8: <% end%>
9: 
10: <p><%= link_to "New Assets", new_asset_path %></p>
11: <p><%= link_to "Show", assets %></p>
12: <p><%= link_to "Edit", edit_assets_path(assets) %></p>
13: <p><%= link_to "Destroy", assets, :confirm => 'Are you sure?', :method => :delete %></p>
14: <body>

    app/views/assets/index.html.erb:11
    app/controllers/assets_controller.rb:6:in `index'
    /usr/lib/ruby/1.8/webrick/httpserver.rb:104:in `service'
    /usr/lib/ruby/1.8/webrick/httpserver.rb:65:in `run'
    /usr/lib/ruby/1.8/webrick/server.rb:173:in `start_thread'
    /usr/lib/ruby/1.8/webrick/server.rb:162:in `start'
    /usr/lib/ruby/1.8/webrick/server.rb:162:in `start_thread'
    /usr/lib/ruby/1.8/webrick/server.rb:95:in `start'
    /usr/lib/ruby/1.8/webrick/server.rb:92:in `each'
    /usr/lib/ruby/1.8/webrick/server.rb:92:in `start'
    /usr/lib/ruby/1.8/webrick/server.rb:23:in `start'
    /usr/lib/ruby/1.8/webrick/server.rb:82:in `start'

Rendered rescues/_trace (47.2ms)
Rendered rescues/_request_and_response (0.2ms)
Rendering rescues/layout (internal_server_error)
